#
# There is insufficient memory for the Java Runtime Environment to continue.
# Native memory allocation (mmap) failed to map 20971520 bytes for G1 virtual space
# Possible reasons:
#   The system is out of physical RAM or swap space
#   The process is running with CompressedOops enabled, and the Java Heap may be blocking the growth of the native heap
# Possible solutions:
#   Reduce memory load on the system
#   Increase physical memory or swap space
#   Check if swap backing store is full
#   Decrease Java heap size (-Xmx/-Xms)
#   Decrease number of Java threads
#   Decrease Java thread stack sizes (-Xss)
#   Set larger code cache with -XX:ReservedCodeCacheSize=
#   JVM is running with Unscaled Compressed Oops mode in which the Java heap is
#     placed in the first 4GB address space. The Java Heap base address is the
#     maximum limit for the native heap growth. Please use -XX:HeapBaseMinAddress
#     to set the Java Heap base and to place the Java Heap above 4GB virtual address.
# This output file may be truncated or incomplete.
#
#  Out of Memory Error (os_windows.cpp:3600), pid=2884, tid=3792
#
# JRE version: Java(TM) SE Runtime Environment (21.0.1+12) (build 21.0.1+12-LTS-29)
# Java VM: Java HotSpot(TM) 64-Bit Server VM (21.0.1+12-LTS-29, mixed mode, emulated-client, sharing, tiered, compressed oops, compressed class ptrs, g1 gc, windows-amd64)
# No core dump will be written. Minidumps are not enabled by default on client versions of Windows
#

---------------  S U M M A R Y ------------

Command Line: -XX:TieredStopAtLevel=1 -Dspring.output.ansi.enabled=always -Dcom.sun.management.jmxremote -Dspring.jmx.enabled=true -Dspring.liveBeansView.mbeanDomain -Dspring.application.admin.enabled=true -Dmanagement.endpoints.jmx.exposure.include=* -javaagent:C:\Program Files\JetBrains\IntelliJ IDEA 2023.2.2\lib\idea_rt.jar=56613:C:\Program Files\JetBrains\IntelliJ IDEA 2023.2.2\bin -Dfile.encoding=UTF-8 -Dsun.stdout.encoding=UTF-8 -Dsun.stderr.encoding=UTF-8 org.sir.appgestionstock.Application

Host: Intel(R) Core(TM) i3-4030U CPU @ 1.90GHz, 4 cores, 3G,  Windows 10 , 64 bit Build 19041 (10.0.19041.4597)
Time: Tue Aug 20 15:33:33 2024 Maroc elapsed time: 1802.160018 seconds (0d 0h 30m 2s)

---------------  T H R E A D  ---------------

Current thread (0x00000189c0ca5ad0):  VMThread "VM Thread"          [id=3792, stack(0x0000004405300000,0x0000004405400000) (1024K)]

Stack: [0x0000004405300000,0x0000004405400000]
Native frames: (J=compiled Java code, j=interpreted, Vv=VM code, C=native code)
V  [jvm.dll+0x6c9029]
V  [jvm.dll+0x854b81]
V  [jvm.dll+0x856e5e]
V  [jvm.dll+0x857543]
V  [jvm.dll+0x280c06]
V  [jvm.dll+0x6c5715]
V  [jvm.dll+0x6ba10a]
V  [jvm.dll+0x3557ea]
V  [jvm.dll+0x35d436]
V  [jvm.dll+0x3ae1be]
V  [jvm.dll+0x3ae468]
V  [jvm.dll+0x3291fc]
V  [jvm.dll+0x329287]
V  [jvm.dll+0x36db3c]
V  [jvm.dll+0x36c33d]
V  [jvm.dll+0x328971]
V  [jvm.dll+0x36ba4a]
V  [jvm.dll+0x85d048]
V  [jvm.dll+0x85e144]
V  [jvm.dll+0x85e680]
V  [jvm.dll+0x85e923]
V  [jvm.dll+0x7fd728]
V  [jvm.dll+0x6c777d]
C  [ucrtbase.dll+0x21bb2]
C  [KERNEL32.DLL+0x17374]
C  [ntdll.dll+0x4cc91]

VM_Operation (0x00000044070f9560): G1CollectForAllocation, mode: safepoint, requested by thread 0x0000018a17cf5eb0


---------------  P R O C E S S  ---------------

Threads class SMR info:
_java_thread_list=0x0000018a15d81cb0, length=31, elements={
0x00000189cf555200, 0x00000189cf555ee0, 0x00000189cf5573d0, 0x00000189cf55abc0,
0x00000189cf55b230, 0x00000189cf55f8b0, 0x00000189cf55ff20, 0x00000189c0c8fd40,
0x00000189cfb4b140, 0x00000189cfb4b7b0, 0x0000018a152e0b10, 0x0000018a160c6830,
0x0000018a1553fb80, 0x0000018a17100890, 0x0000018a17100f20, 0x0000018a171015b0,
0x0000018a171022d0, 0x0000018a170ff4e0, 0x0000018a170ffb70, 0x0000018a17100200,
0x0000018a17cf5eb0, 0x0000018a17cf6540, 0x0000018a17cf30c0, 0x0000018a17cf5190,
0x0000018a17cf3750, 0x0000018a17cf4b00, 0x0000018a17cf4470, 0x0000018a17cf5820,
0x0000018a17cf3de0, 0x0000018a168627c0, 0x0000018a168634e0
}

Java Threads: ( => current thread )
  0x00000189cf555200 JavaThread "Reference Handler"          daemon [_thread_blocked, id=14680, stack(0x0000004405400000,0x0000004405500000) (1024K)]
  0x00000189cf555ee0 JavaThread "Finalizer"                  daemon [_thread_blocked, id=9556, stack(0x0000004405500000,0x0000004405600000) (1024K)]
  0x00000189cf5573d0 JavaThread "Signal Dispatcher"          daemon [_thread_blocked, id=6376, stack(0x0000004405600000,0x0000004405700000) (1024K)]
  0x00000189cf55abc0 JavaThread "Attach Listener"            daemon [_thread_blocked, id=2964, stack(0x0000004405700000,0x0000004405800000) (1024K)]
  0x00000189cf55b230 JavaThread "Service Thread"             daemon [_thread_blocked, id=7212, stack(0x0000004405800000,0x0000004405900000) (1024K)]
  0x00000189cf55f8b0 JavaThread "Monitor Deflation Thread"   daemon [_thread_blocked, id=1016, stack(0x0000004405900000,0x0000004405a00000) (1024K)]
  0x00000189cf55ff20 JavaThread "C1 CompilerThread0"         daemon [_thread_blocked, id=1012, stack(0x0000004405a00000,0x0000004405b00000) (1024K)]
  0x00000189c0c8fd40 JavaThread "Common-Cleaner"             daemon [_thread_blocked, id=8308, stack(0x0000004405b00000,0x0000004405c00000) (1024K)]
  0x00000189cfb4b140 JavaThread "Monitor Ctrl-Break"         daemon [_thread_in_native, id=8808, stack(0x0000004405c00000,0x0000004405d00000) (1024K)]
  0x00000189cfb4b7b0 JavaThread "Notification Thread"        daemon [_thread_blocked, id=3348, stack(0x0000004405d00000,0x0000004405e00000) (1024K)]
  0x0000018a152e0b10 JavaThread "RMI TCP Accept-0"           daemon [_thread_in_native, id=15144, stack(0x0000004406200000,0x0000004406300000) (1024K)]
  0x0000018a160c6830 JavaThread "mysql-cj-abandoned-connection-cleanup" daemon [_thread_blocked, id=13528, stack(0x0000004406300000,0x0000004406400000) (1024K)]
  0x0000018a1553fb80 JavaThread "HikariPool-1 housekeeper"   daemon [_thread_blocked, id=2328, stack(0x0000004406500000,0x0000004406600000) (1024K)]
  0x0000018a17100890 JavaThread "Catalina-utility-1"                [_thread_blocked, id=14316, stack(0x0000004406600000,0x0000004406700000) (1024K)]
  0x0000018a17100f20 JavaThread "Catalina-utility-2"                [_thread_blocked, id=8032, stack(0x0000004406800000,0x0000004406900000) (1024K)]
  0x0000018a171015b0 JavaThread "container-0"                       [_thread_blocked, id=13556, stack(0x0000004406900000,0x0000004406a00000) (1024K)]
  0x0000018a171022d0 JavaThread "http-nio-8036-exec-1"       daemon [_thread_blocked, id=15188, stack(0x0000004406c00000,0x0000004406d00000) (1024K)]
  0x0000018a170ff4e0 JavaThread "http-nio-8036-exec-2"       daemon [_thread_blocked, id=1088, stack(0x0000004406d00000,0x0000004406e00000) (1024K)]
  0x0000018a170ffb70 JavaThread "http-nio-8036-exec-3"       daemon [_thread_blocked, id=10056, stack(0x0000004406e00000,0x0000004406f00000) (1024K)]
  0x0000018a17100200 JavaThread "http-nio-8036-exec-4"       daemon [_thread_blocked, id=13928, stack(0x0000004406f00000,0x0000004407000000) (1024K)]
  0x0000018a17cf5eb0 JavaThread "http-nio-8036-exec-5"       daemon [_thread_blocked, id=2064, stack(0x0000004407000000,0x0000004407100000) (1024K)]
  0x0000018a17cf6540 JavaThread "http-nio-8036-exec-6"       daemon [_thread_blocked, id=2004, stack(0x0000004407100000,0x0000004407200000) (1024K)]
  0x0000018a17cf30c0 JavaThread "http-nio-8036-exec-7"       daemon [_thread_blocked, id=2984, stack(0x0000004407200000,0x0000004407300000) (1024K)]
  0x0000018a17cf5190 JavaThread "http-nio-8036-exec-8"       daemon [_thread_blocked, id=5704, stack(0x0000004407300000,0x0000004407400000) (1024K)]
  0x0000018a17cf3750 JavaThread "http-nio-8036-exec-9"       daemon [_thread_blocked, id=5756, stack(0x0000004407400000,0x0000004407500000) (1024K)]
  0x0000018a17cf4b00 JavaThread "http-nio-8036-exec-10"      daemon [_thread_blocked, id=2508, stack(0x0000004407500000,0x0000004407600000) (1024K)]
  0x0000018a17cf4470 JavaThread "http-nio-8036-Poller"       daemon [_thread_blocked, id=656, stack(0x0000004407600000,0x0000004407700000) (1024K)]
  0x0000018a17cf5820 JavaThread "http-nio-8036-Acceptor"     daemon [_thread_in_native, id=11532, stack(0x0000004407700000,0x0000004407800000) (1024K)]
  0x0000018a17cf3de0 JavaThread "DestroyJavaVM"                     [_thread_blocked, id=5348, stack(0x0000004404c00000,0x0000004404d00000) (1024K)]
  0x0000018a168627c0 JavaThread "HikariPool-1 connection closer" daemon [_thread_blocked, id=7768, stack(0x0000004404900000,0x0000004404a00000) (1024K)]
  0x0000018a168634e0 JavaThread "HikariPool-1 connection adder" daemon [_thread_blocked, id=6000, stack(0x0000004404a00000,0x0000004404b00000) (1024K)]
Total: 31

Other Threads:
=>0x00000189c0ca5ad0 VMThread "VM Thread"                           [id=3792, stack(0x0000004405300000,0x0000004405400000) (1024K)]
  0x00000189cf53d300 WatcherThread "VM Periodic Task Thread"        [id=3912, stack(0x0000004405200000,0x0000004405300000) (1024K)]
  0x00000189c0c1f530 WorkerThread "GC Thread#0"                     [id=5712, stack(0x0000004404d00000,0x0000004404e00000) (1024K)]
  0x0000018a151bba40 WorkerThread "GC Thread#1"                     [id=7160, stack(0x0000004405f00000,0x0000004406000000) (1024K)]
  0x0000018a151d11a0 WorkerThread "GC Thread#2"                     [id=1520, stack(0x0000004406000000,0x0000004406100000) (1024K)]
  0x0000018a151d1540 WorkerThread "GC Thread#3"                     [id=9460, stack(0x0000004406100000,0x0000004406200000) (1024K)]
  0x00000189c0c27d00 ConcurrentGCThread "G1 Main Marker"            [id=7296, stack(0x0000004404e00000,0x0000004404f00000) (1024K)]
  0x00000189c0c28fa0 WorkerThread "G1 Conc#0"                       [id=8000, stack(0x0000004404f00000,0x0000004405000000) (1024K)]
  0x00000189c0c7b090 ConcurrentGCThread "G1 Refine#0"               [id=11888, stack(0x0000004405000000,0x0000004405100000) (1024K)]
  0x00000189c0c7e830 ConcurrentGCThread "G1 Service"                [id=9608, stack(0x0000004405100000,0x0000004405200000) (1024K)]
Total: 10

Threads with active compile tasks:
Total: 0

VM state: at safepoint (normal execution)

VM Mutex/Monitor currently owned by a thread:  ([mutex/lock_event])
[0x00007ffa9d7ea5f8] Threads_lock - owner thread: 0x00000189c0ca5ad0
[0x00007ffa9d7ea6f8] Heap_lock - owner thread: 0x0000018a17cf5eb0

Heap address: 0x00000000c4e00000, size: 946 MB, Compressed Oops mode: 32-bit

CDS archive(s) mapped at: [0x00000189d0000000-0x00000189d0c90000-0x00000189d0c90000), size 13172736, SharedBaseAddress: 0x00000189d0000000, ArchiveRelocationMode: 1.
Compressed class space mapped at: 0x00000189d1000000-0x0000018a11000000, reserved size: 1073741824
Narrow klass base: 0x00000189d0000000, Narrow klass shift: 0, Narrow klass range: 0x100000000

GC Precious Log:
 CardTable entry size: 512
 Card Set container configuration: InlinePtr #cards 5 size 8 Array Of Cards #cards 12 size 40 Howl #buckets 4 coarsen threshold 1843 Howl Bitmap #cards 512 size 80 coarsen threshold 460 Card regions per heap region 1 cards per card region 2048
 CPUs: 4 total, 4 available
 Memory: 3782M
 Large Page Support: Disabled
 NUMA Support: Disabled
 Compressed Oops: Enabled (32-bit)
 Heap Region Size: 1M
 Heap Min Capacity: 8M
 Heap Initial Capacity: 60M
 Heap Max Capacity: 946M
 Pre-touch: Disabled
 Parallel Workers: 4
 Concurrent Workers: 1
 Concurrent Refinement Workers: 4
 Periodic GC: Disabled

Heap:
 garbage-first heap   total 239616K, used 56050K [0x00000000c4e00000, 0x0000000100000000)
  region size 1024K, 1 young (1024K), 1 survivors (1024K)
 Metaspace       used 80883K, committed 82624K, reserved 1179648K
  class space    used 11728K, committed 12544K, reserved 1048576K

Heap Regions: E=young(eden), S=young(survivor), O=old, HS=humongous(starts), HC=humongous(continues), CS=collection set, F=free, TAMS=top-at-mark-start, PB=parsable bottom
|   0|0x00000000c4e00000, 0x00000000c4f00000, 0x00000000c4f00000|100%|HS|  |TAMS 0x00000000c4e00000| PB 0x00000000c4e00000| Complete 
|   1|0x00000000c4f00000, 0x00000000c5000000, 0x00000000c5000000|100%|HS|  |TAMS 0x00000000c4f00000| PB 0x00000000c4f00000| Complete 
|   2|0x00000000c5000000, 0x00000000c5100000, 0x00000000c5100000|100%| O|  |TAMS 0x00000000c5000000| PB 0x00000000c5000000| Untracked 
|   3|0x00000000c5100000, 0x00000000c5200000, 0x00000000c5200000|100%|HS|  |TAMS 0x00000000c5100000| PB 0x00000000c5100000| Complete 
|   4|0x00000000c5200000, 0x00000000c5300000, 0x00000000c5300000|100%| O|  |TAMS 0x00000000c5200000| PB 0x00000000c5200000| Untracked 
|   5|0x00000000c5300000, 0x00000000c5400000, 0x00000000c5400000|100%| O|  |TAMS 0x00000000c5300000| PB 0x00000000c5300000| Untracked 
|   6|0x00000000c5400000, 0x00000000c5500000, 0x00000000c5500000|100%| O|  |TAMS 0x00000000c5400000| PB 0x00000000c5400000| Untracked 
|   7|0x00000000c5500000, 0x00000000c5600000, 0x00000000c5600000|100%| O|  |TAMS 0x00000000c5500000| PB 0x00000000c5500000| Untracked 
|   8|0x00000000c5600000, 0x00000000c5700000, 0x00000000c5700000|100%| O|  |TAMS 0x00000000c5600000| PB 0x00000000c5600000| Untracked 
|   9|0x00000000c5700000, 0x00000000c5800000, 0x00000000c5800000|100%| O|  |TAMS 0x00000000c5700000| PB 0x00000000c5700000| Untracked 
|  10|0x00000000c5800000, 0x00000000c5900000, 0x00000000c5900000|100%| O|  |TAMS 0x00000000c5800000| PB 0x00000000c5800000| Untracked 
|  11|0x00000000c5900000, 0x00000000c5a00000, 0x00000000c5a00000|100%| O|  |TAMS 0x00000000c5900000| PB 0x00000000c5900000| Untracked 
|  12|0x00000000c5a00000, 0x00000000c5b00000, 0x00000000c5b00000|100%| O|  |TAMS 0x00000000c5a00000| PB 0x00000000c5a00000| Untracked 
|  13|0x00000000c5b00000, 0x00000000c5c00000, 0x00000000c5c00000|100%| O|  |TAMS 0x00000000c5b00000| PB 0x00000000c5b00000| Untracked 
|  14|0x00000000c5c00000, 0x00000000c5d00000, 0x00000000c5d00000|100%| O|  |TAMS 0x00000000c5c00000| PB 0x00000000c5c00000| Untracked 
|  15|0x00000000c5d00000, 0x00000000c5e00000, 0x00000000c5e00000|100%| O|  |TAMS 0x00000000c5d00000| PB 0x00000000c5d00000| Untracked 
|  16|0x00000000c5e00000, 0x00000000c5f00000, 0x00000000c5f00000|100%| O|  |TAMS 0x00000000c5e00000| PB 0x00000000c5e00000| Untracked 
|  17|0x00000000c5f00000, 0x00000000c6000000, 0x00000000c6000000|100%| O|  |TAMS 0x00000000c5f00000| PB 0x00000000c5f00000| Untracked 
|  18|0x00000000c6000000, 0x00000000c6100000, 0x00000000c6100000|100%| O|  |TAMS 0x00000000c6000000| PB 0x00000000c6000000| Untracked 
|  19|0x00000000c6100000, 0x00000000c6200000, 0x00000000c6200000|100%| O|  |TAMS 0x00000000c6100000| PB 0x00000000c6100000| Untracked 
|  20|0x00000000c6200000, 0x00000000c6300000, 0x00000000c6300000|100%| O|  |TAMS 0x00000000c6200000| PB 0x00000000c6200000| Untracked 
|  21|0x00000000c6300000, 0x00000000c6400000, 0x00000000c6400000|100%| O|  |TAMS 0x00000000c6300000| PB 0x00000000c6300000| Untracked 
|  22|0x00000000c6400000, 0x00000000c6500000, 0x00000000c6500000|100%| O|  |TAMS 0x00000000c6400000| PB 0x00000000c6400000| Untracked 
|  23|0x00000000c6500000, 0x00000000c6600000, 0x00000000c6600000|100%| O|  |TAMS 0x00000000c6500000| PB 0x00000000c6500000| Untracked 
|  24|0x00000000c6600000, 0x00000000c6700000, 0x00000000c6700000|100%| O|  |TAMS 0x00000000c6600000| PB 0x00000000c6600000| Untracked 
|  25|0x00000000c6700000, 0x00000000c6800000, 0x00000000c6800000|100%| O|  |TAMS 0x00000000c6700000| PB 0x00000000c6700000| Untracked 
|  26|0x00000000c6800000, 0x00000000c6800000, 0x00000000c6900000|  0%| F|  |TAMS 0x00000000c6800000| PB 0x00000000c6800000| Untracked 
|  27|0x00000000c6900000, 0x00000000c6a00000, 0x00000000c6a00000|100%| O|  |TAMS 0x00000000c6900000| PB 0x00000000c6900000| Untracked 
|  28|0x00000000c6a00000, 0x00000000c6b00000, 0x00000000c6b00000|100%| O|  |TAMS 0x00000000c6a00000| PB 0x00000000c6a00000| Untracked 
|  29|0x00000000c6b00000, 0x00000000c6c00000, 0x00000000c6c00000|100%| O|  |TAMS 0x00000000c6b00000| PB 0x00000000c6b00000| Untracked 
|  30|0x00000000c6c00000, 0x00000000c6d00000, 0x00000000c6d00000|100%| O|  |TAMS 0x00000000c6c00000| PB 0x00000000c6c00000| Untracked 
|  31|0x00000000c6d00000, 0x00000000c6d00000, 0x00000000c6e00000|  0%| F|  |TAMS 0x00000000c6d00000| PB 0x00000000c6d00000| Untracked 
|  32|0x00000000c6e00000, 0x00000000c6f00000, 0x00000000c6f00000|100%| O|  |TAMS 0x00000000c6e00000| PB 0x00000000c6e00000| Untracked 
|  33|0x00000000c6f00000, 0x00000000c7000000, 0x00000000c7000000|100%| O|  |TAMS 0x00000000c6f00000| PB 0x00000000c6f00000| Untracked 
|  34|0x00000000c7000000, 0x00000000c7100000, 0x00000000c7100000|100%| O|  |TAMS 0x00000000c7000000| PB 0x00000000c7000000| Untracked 
|  35|0x00000000c7100000, 0x00000000c7200000, 0x00000000c7200000|100%| O|  |TAMS 0x00000000c7100000| PB 0x00000000c7100000| Untracked 
|  36|0x00000000c7200000, 0x00000000c7300000, 0x00000000c7300000|100%| O|  |TAMS 0x00000000c7200000| PB 0x00000000c7200000| Untracked 
|  37|0x00000000c7300000, 0x00000000c731fdd0, 0x00000000c7400000| 12%| O|  |TAMS 0x00000000c7300000| PB 0x00000000c7300000| Untracked 
|  38|0x00000000c7400000, 0x00000000c7500000, 0x00000000c7500000|100%| O|  |TAMS 0x00000000c7400000| PB 0x00000000c7400000| Untracked 
|  39|0x00000000c7500000, 0x00000000c7600000, 0x00000000c7600000|100%| O|  |TAMS 0x00000000c7500000| PB 0x00000000c7500000| Untracked 
|  40|0x00000000c7600000, 0x00000000c7700000, 0x00000000c7700000|100%| O|  |TAMS 0x00000000c7600000| PB 0x00000000c7600000| Untracked 
|  41|0x00000000c7700000, 0x00000000c7800000, 0x00000000c7800000|100%| O|  |TAMS 0x00000000c7700000| PB 0x00000000c7700000| Untracked 
|  42|0x00000000c7800000, 0x00000000c7900000, 0x00000000c7900000|100%| O|  |TAMS 0x00000000c7800000| PB 0x00000000c7800000| Untracked 
|  43|0x00000000c7900000, 0x00000000c7a00000, 0x00000000c7a00000|100%| O|  |TAMS 0x00000000c7900000| PB 0x00000000c7900000| Untracked 
|  44|0x00000000c7a00000, 0x00000000c7b00000, 0x00000000c7b00000|100%| O|  |TAMS 0x00000000c7a00000| PB 0x00000000c7a00000| Untracked 
|  45|0x00000000c7b00000, 0x00000000c7b00000, 0x00000000c7c00000|  0%| F|  |TAMS 0x00000000c7b00000| PB 0x00000000c7b00000| Untracked 
|  46|0x00000000c7c00000, 0x00000000c7d00000, 0x00000000c7d00000|100%| O|  |TAMS 0x00000000c7c00000| PB 0x00000000c7c00000| Untracked 
|  47|0x00000000c7d00000, 0x00000000c7d00000, 0x00000000c7e00000|  0%| F|  |TAMS 0x00000000c7d00000| PB 0x00000000c7d00000| Untracked 
|  48|0x00000000c7e00000, 0x00000000c7f00000, 0x00000000c7f00000|100%| O|  |TAMS 0x00000000c7e00000| PB 0x00000000c7e00000| Untracked 
|  49|0x00000000c7f00000, 0x00000000c7f00000, 0x00000000c8000000|  0%| F|  |TAMS 0x00000000c7f00000| PB 0x00000000c7f00000| Untracked 
|  50|0x00000000c8000000, 0x00000000c8100000, 0x00000000c8100000|100%| O|  |TAMS 0x00000000c8000000| PB 0x00000000c8000000| Untracked 
|  51|0x00000000c8100000, 0x00000000c8200000, 0x00000000c8200000|100%| O|  |TAMS 0x00000000c8100000| PB 0x00000000c8100000| Untracked 
|  52|0x00000000c8200000, 0x00000000c8300000, 0x00000000c8300000|100%| O|  |TAMS 0x00000000c8200000| PB 0x00000000c8200000| Untracked 
|  53|0x00000000c8300000, 0x00000000c8400000, 0x00000000c8400000|100%| O|  |TAMS 0x00000000c8300000| PB 0x00000000c8300000| Untracked 
|  54|0x00000000c8400000, 0x00000000c8500000, 0x00000000c8500000|100%| O|  |TAMS 0x00000000c8400000| PB 0x00000000c8400000| Untracked 
|  55|0x00000000c8500000, 0x00000000c8500000, 0x00000000c8600000|  0%| F|  |TAMS 0x00000000c8500000| PB 0x00000000c8500000| Untracked 
|  56|0x00000000c8600000, 0x00000000c8700000, 0x00000000c8700000|100%| O|  |TAMS 0x00000000c8600000| PB 0x00000000c8600000| Untracked 
|  57|0x00000000c8700000, 0x00000000c8800000, 0x00000000c8800000|100%| O|  |TAMS 0x00000000c8700000| PB 0x00000000c8700000| Untracked 
|  58|0x00000000c8800000, 0x00000000c8800000, 0x00000000c8900000|  0%| F|  |TAMS 0x00000000c8800000| PB 0x00000000c8800000| Untracked 
|  59|0x00000000c8900000, 0x00000000c8a00000, 0x00000000c8a00000|100%| O|  |TAMS 0x00000000c8900000| PB 0x00000000c8900000| Untracked 
|  60|0x00000000c8a00000, 0x00000000c8b00000, 0x00000000c8b00000|100%| O|  |TAMS 0x00000000c8a00000| PB 0x00000000c8a00000| Untracked 
|  61|0x00000000c8b00000, 0x00000000c8c00000, 0x00000000c8c00000|100%| O|  |TAMS 0x00000000c8b00000| PB 0x00000000c8b00000| Untracked 
|  62|0x00000000c8c00000, 0x00000000c8c00000, 0x00000000c8d00000|  0%| F|  |TAMS 0x00000000c8c00000| PB 0x00000000c8c00000| Untracked 
|  63|0x00000000c8d00000, 0x00000000c8d00000, 0x00000000c8e00000|  0%| F|  |TAMS 0x00000000c8d00000| PB 0x00000000c8d00000| Untracked 
|  64|0x00000000c8e00000, 0x00000000c8e00000, 0x00000000c8f00000|  0%| F|  |TAMS 0x00000000c8e00000| PB 0x00000000c8e00000| Untracked 
|  65|0x00000000c8f00000, 0x00000000c8f00000, 0x00000000c9000000|  0%| F|  |TAMS 0x00000000c8f00000| PB 0x00000000c8f00000| Untracked 
|  66|0x00000000c9000000, 0x00000000c9000000, 0x00000000c9100000|  0%| F|  |TAMS 0x00000000c9000000| PB 0x00000000c9000000| Untracked 
|  67|0x00000000c9100000, 0x00000000c9100000, 0x00000000c9200000|  0%| F|  |TAMS 0x00000000c9100000| PB 0x00000000c9100000| Untracked 
|  68|0x00000000c9200000, 0x00000000c9200000, 0x00000000c9300000|  0%| F|  |TAMS 0x00000000c9200000| PB 0x00000000c9200000| Untracked 
|  69|0x00000000c9300000, 0x00000000c9300000, 0x00000000c9400000|  0%| F|  |TAMS 0x00000000c9300000| PB 0x00000000c9300000| Untracked 
|  70|0x00000000c9400000, 0x00000000c9400000, 0x00000000c9500000|  0%| F|  |TAMS 0x00000000c9400000| PB 0x00000000c9400000| Untracked 
|  71|0x00000000c9500000, 0x00000000c9500000, 0x00000000c9600000|  0%| F|  |TAMS 0x00000000c9500000| PB 0x00000000c9500000| Untracked 
|  72|0x00000000c9600000, 0x00000000c9600000, 0x00000000c9700000|  0%| F|  |TAMS 0x00000000c9600000| PB 0x00000000c9600000| Untracked 
|  73|0x00000000c9700000, 0x00000000c9700000, 0x00000000c9800000|  0%| F|  |TAMS 0x00000000c9700000| PB 0x00000000c9700000| Untracked 
|  74|0x00000000c9800000, 0x00000000c9800000, 0x00000000c9900000|  0%| F|  |TAMS 0x00000000c9800000| PB 0x00000000c9800000| Untracked 
|  75|0x00000000c9900000, 0x00000000c9900000, 0x00000000c9a00000|  0%| F|  |TAMS 0x00000000c9900000| PB 0x00000000c9900000| Untracked 
|  76|0x00000000c9a00000, 0x00000000c9a00000, 0x00000000c9b00000|  0%| F|  |TAMS 0x00000000c9a00000| PB 0x00000000c9a00000| Untracked 
|  77|0x00000000c9b00000, 0x00000000c9b00000, 0x00000000c9c00000|  0%| F|  |TAMS 0x00000000c9b00000| PB 0x00000000c9b00000| Untracked 
|  78|0x00000000c9c00000, 0x00000000c9c00000, 0x00000000c9d00000|  0%| F|  |TAMS 0x00000000c9c00000| PB 0x00000000c9c00000| Untracked 
|  79|0x00000000c9d00000, 0x00000000c9d00000, 0x00000000c9e00000|  0%| F|  |TAMS 0x00000000c9d00000| PB 0x00000000c9d00000| Untracked 
|  80|0x00000000c9e00000, 0x00000000c9e00000, 0x00000000c9f00000|  0%| F|  |TAMS 0x00000000c9e00000| PB 0x00000000c9e00000| Untracked 
|  81|0x00000000c9f00000, 0x00000000c9f00000, 0x00000000ca000000|  0%| F|  |TAMS 0x00000000c9f00000| PB 0x00000000c9f00000| Untracked 
|  82|0x00000000ca000000, 0x00000000ca000000, 0x00000000ca100000|  0%| F|  |TAMS 0x00000000ca000000| PB 0x00000000ca000000| Untracked 
|  83|0x00000000ca100000, 0x00000000ca100000, 0x00000000ca200000|  0%| F|  |TAMS 0x00000000ca100000| PB 0x00000000ca100000| Untracked 
|  84|0x00000000ca200000, 0x00000000ca200000, 0x00000000ca300000|  0%| F|  |TAMS 0x00000000ca200000| PB 0x00000000ca200000| Untracked 
|  85|0x00000000ca300000, 0x00000000ca300000, 0x00000000ca400000|  0%| F|  |TAMS 0x00000000ca300000| PB 0x00000000ca300000| Untracked 
|  86|0x00000000ca400000, 0x00000000ca400000, 0x00000000ca500000|  0%| F|  |TAMS 0x00000000ca400000| PB 0x00000000ca400000| Untracked 
|  87|0x00000000ca500000, 0x00000000ca500000, 0x00000000ca600000|  0%| F|  |TAMS 0x00000000ca500000| PB 0x00000000ca500000| Untracked 
|  88|0x00000000ca600000, 0x00000000ca600000, 0x00000000ca700000|  0%| F|  |TAMS 0x00000000ca600000| PB 0x00000000ca600000| Untracked 
|  89|0x00000000ca700000, 0x00000000ca700000, 0x00000000ca800000|  0%| F|  |TAMS 0x00000000ca700000| PB 0x00000000ca700000| Untracked 
|  90|0x00000000ca800000, 0x00000000ca800000, 0x00000000ca900000|  0%| F|  |TAMS 0x00000000ca800000| PB 0x00000000ca800000| Untracked 
|  91|0x00000000ca900000, 0x00000000ca900000, 0x00000000caa00000|  0%| F|  |TAMS 0x00000000ca900000| PB 0x00000000ca900000| Untracked 
|  92|0x00000000caa00000, 0x00000000caa00000, 0x00000000cab00000|  0%| F|  |TAMS 0x00000000caa00000| PB 0x00000000caa00000| Untracked 
|  93|0x00000000cab00000, 0x00000000cab9cd50, 0x00000000cac00000| 61%| S|CS|TAMS 0x00000000cab00000| PB 0x00000000cab00000| Complete 
|  94|0x00000000cac00000, 0x00000000cac00000, 0x00000000cad00000|  0%| F|  |TAMS 0x00000000cac00000| PB 0x00000000cac00000| Untracked 
|  95|0x00000000cad00000, 0x00000000cad00000, 0x00000000cae00000|  0%| F|  |TAMS 0x00000000cad00000| PB 0x00000000cad00000| Untracked 
|  96|0x00000000cae00000, 0x00000000cae00000, 0x00000000caf00000|  0%| F|  |TAMS 0x00000000cae00000| PB 0x00000000cae00000| Untracked 
|  97|0x00000000caf00000, 0x00000000caf00000, 0x00000000cb000000|  0%| F|  |TAMS 0x00000000caf00000| PB 0x00000000caf00000| Untracked 
|  98|0x00000000cb000000, 0x00000000cb000000, 0x00000000cb100000|  0%| F|  |TAMS 0x00000000cb000000| PB 0x00000000cb000000| Untracked 
|  99|0x00000000cb100000, 0x00000000cb100000, 0x00000000cb200000|  0%| F|  |TAMS 0x00000000cb100000| PB 0x00000000cb100000| Untracked 
| 100|0x00000000cb200000, 0x00000000cb200000, 0x00000000cb300000|  0%| F|  |TAMS 0x00000000cb200000| PB 0x00000000cb200000| Untracked 
| 101|0x00000000cb300000, 0x00000000cb300000, 0x00000000cb400000|  0%| F|  |TAMS 0x00000000cb300000| PB 0x00000000cb300000| Untracked 
| 102|0x00000000cb400000, 0x00000000cb400000, 0x00000000cb500000|  0%| F|  |TAMS 0x00000000cb400000| PB 0x00000000cb400000| Untracked 
| 103|0x00000000cb500000, 0x00000000cb500000, 0x00000000cb600000|  0%| F|  |TAMS 0x00000000cb500000| PB 0x00000000cb500000| Untracked 
| 104|0x00000000cb600000, 0x00000000cb600000, 0x00000000cb700000|  0%| F|  |TAMS 0x00000000cb600000| PB 0x00000000cb600000| Untracked 
| 105|0x00000000cb700000, 0x00000000cb700000, 0x00000000cb800000|  0%| F|  |TAMS 0x00000000cb700000| PB 0x00000000cb700000| Untracked 
| 106|0x00000000cb800000, 0x00000000cb800000, 0x00000000cb900000|  0%| F|  |TAMS 0x00000000cb800000| PB 0x00000000cb800000| Untracked 
| 107|0x00000000cb900000, 0x00000000cb900000, 0x00000000cba00000|  0%| F|  |TAMS 0x00000000cb900000| PB 0x00000000cb900000| Untracked 
| 108|0x00000000cba00000, 0x00000000cba00000, 0x00000000cbb00000|  0%| F|  |TAMS 0x00000000cba00000| PB 0x00000000cba00000| Untracked 
| 109|0x00000000cbb00000, 0x00000000cbb00000, 0x00000000cbc00000|  0%| F|  |TAMS 0x00000000cbb00000| PB 0x00000000cbb00000| Untracked 
| 110|0x00000000cbc00000, 0x00000000cbc00000, 0x00000000cbd00000|  0%| F|  |TAMS 0x00000000cbc00000| PB 0x00000000cbc00000| Untracked 
| 111|0x00000000cbd00000, 0x00000000cbd00000, 0x00000000cbe00000|  0%| F|  |TAMS 0x00000000cbd00000| PB 0x00000000cbd00000| Untracked 
| 112|0x00000000cbe00000, 0x00000000cbe00000, 0x00000000cbf00000|  0%| F|  |TAMS 0x00000000cbe00000| PB 0x00000000cbe00000| Untracked 
| 113|0x00000000cbf00000, 0x00000000cbf00000, 0x00000000cc000000|  0%| F|  |TAMS 0x00000000cbf00000| PB 0x00000000cbf00000| Untracked 
| 114|0x00000000cc000000, 0x00000000cc000000, 0x00000000cc100000|  0%| F|  |TAMS 0x00000000cc000000| PB 0x00000000cc000000| Untracked 
| 115|0x00000000cc100000, 0x00000000cc100000, 0x00000000cc200000|  0%| F|  |TAMS 0x00000000cc100000| PB 0x00000000cc100000| Untracked 
| 116|0x00000000cc200000, 0x00000000cc200000, 0x00000000cc300000|  0%| F|  |TAMS 0x00000000cc200000| PB 0x00000000cc200000| Untracked 
| 117|0x00000000cc300000, 0x00000000cc300000, 0x00000000cc400000|  0%| F|  |TAMS 0x00000000cc300000| PB 0x00000000cc300000| Untracked 
| 118|0x00000000cc400000, 0x00000000cc400000, 0x00000000cc500000|  0%| F|  |TAMS 0x00000000cc400000| PB 0x00000000cc400000| Untracked 
| 119|0x00000000cc500000, 0x00000000cc500000, 0x00000000cc600000|  0%| F|  |TAMS 0x00000000cc500000| PB 0x00000000cc500000| Untracked 
| 120|0x00000000cc600000, 0x00000000cc600000, 0x00000000cc700000|  0%| F|  |TAMS 0x00000000cc600000| PB 0x00000000cc600000| Untracked 
| 121|0x00000000cc700000, 0x00000000cc700000, 0x00000000cc800000|  0%| F|  |TAMS 0x00000000cc700000| PB 0x00000000cc700000| Untracked 
| 122|0x00000000cc800000, 0x00000000cc800000, 0x00000000cc900000|  0%| F|  |TAMS 0x00000000cc800000| PB 0x00000000cc800000| Untracked 
| 123|0x00000000cc900000, 0x00000000cc900000, 0x00000000cca00000|  0%| F|  |TAMS 0x00000000cc900000| PB 0x00000000cc900000| Untracked 
| 124|0x00000000cca00000, 0x00000000cca00000, 0x00000000ccb00000|  0%| F|  |TAMS 0x00000000cca00000| PB 0x00000000cca00000| Untracked 
| 125|0x00000000ccb00000, 0x00000000ccb00000, 0x00000000ccc00000|  0%| F|  |TAMS 0x00000000ccb00000| PB 0x00000000ccb00000| Untracked 
| 126|0x00000000ccc00000, 0x00000000ccc00000, 0x00000000ccd00000|  0%| F|  |TAMS 0x00000000ccc00000| PB 0x00000000ccc00000| Untracked 
| 127|0x00000000ccd00000, 0x00000000ccd00000, 0x00000000cce00000|  0%| F|  |TAMS 0x00000000ccd00000| PB 0x00000000ccd00000| Untracked 
| 128|0x00000000cce00000, 0x00000000cce00000, 0x00000000ccf00000|  0%| F|  |TAMS 0x00000000cce00000| PB 0x00000000cce00000| Untracked 
| 129|0x00000000ccf00000, 0x00000000ccf00000, 0x00000000cd000000|  0%| F|  |TAMS 0x00000000ccf00000| PB 0x00000000ccf00000| Untracked 
| 130|0x00000000cd000000, 0x00000000cd000000, 0x00000000cd100000|  0%| F|  |TAMS 0x00000000cd000000| PB 0x00000000cd000000| Untracked 
| 131|0x00000000cd100000, 0x00000000cd100000, 0x00000000cd200000|  0%| F|  |TAMS 0x00000000cd100000| PB 0x00000000cd100000| Untracked 
| 132|0x00000000cd200000, 0x00000000cd200000, 0x00000000cd300000|  0%| F|  |TAMS 0x00000000cd200000| PB 0x00000000cd200000| Untracked 
| 133|0x00000000cd300000, 0x00000000cd300000, 0x00000000cd400000|  0%| F|  |TAMS 0x00000000cd300000| PB 0x00000000cd300000| Untracked 
| 134|0x00000000cd400000, 0x00000000cd400000, 0x00000000cd500000|  0%| F|  |TAMS 0x00000000cd400000| PB 0x00000000cd400000| Untracked 
| 135|0x00000000cd500000, 0x00000000cd500000, 0x00000000cd600000|  0%| F|  |TAMS 0x00000000cd500000| PB 0x00000000cd500000| Untracked 
| 136|0x00000000cd600000, 0x00000000cd600000, 0x00000000cd700000|  0%| F|  |TAMS 0x00000000cd600000| PB 0x00000000cd600000| Untracked 
| 137|0x00000000cd700000, 0x00000000cd700000, 0x00000000cd800000|  0%| F|  |TAMS 0x00000000cd700000| PB 0x00000000cd700000| Untracked 
| 138|0x00000000cd800000, 0x00000000cd800000, 0x00000000cd900000|  0%| F|  |TAMS 0x00000000cd800000| PB 0x00000000cd800000| Untracked 
| 139|0x00000000cd900000, 0x00000000cd900000, 0x00000000cda00000|  0%| F|  |TAMS 0x00000000cd900000| PB 0x00000000cd900000| Untracked 
| 140|0x00000000cda00000, 0x00000000cda00000, 0x00000000cdb00000|  0%| F|  |TAMS 0x00000000cda00000| PB 0x00000000cda00000| Untracked 
| 141|0x00000000cdb00000, 0x00000000cdb00000, 0x00000000cdc00000|  0%| F|  |TAMS 0x00000000cdb00000| PB 0x00000000cdb00000| Untracked 
| 142|0x00000000cdc00000, 0x00000000cdc00000, 0x00000000cdd00000|  0%| F|  |TAMS 0x00000000cdc00000| PB 0x00000000cdc00000| Untracked 
| 143|0x00000000cdd00000, 0x00000000cdd00000, 0x00000000cde00000|  0%| F|  |TAMS 0x00000000cdd00000| PB 0x00000000cdd00000| Untracked 
| 144|0x00000000cde00000, 0x00000000cde00000, 0x00000000cdf00000|  0%| F|  |TAMS 0x00000000cde00000| PB 0x00000000cde00000| Untracked 
| 145|0x00000000cdf00000, 0x00000000cdf00000, 0x00000000ce000000|  0%| F|  |TAMS 0x00000000cdf00000| PB 0x00000000cdf00000| Untracked 
| 146|0x00000000ce000000, 0x00000000ce000000, 0x00000000ce100000|  0%| F|  |TAMS 0x00000000ce000000| PB 0x00000000ce000000| Untracked 
| 147|0x00000000ce100000, 0x00000000ce100000, 0x00000000ce200000|  0%| F|  |TAMS 0x00000000ce100000| PB 0x00000000ce100000| Untracked 
| 148|0x00000000ce200000, 0x00000000ce200000, 0x00000000ce300000|  0%| F|  |TAMS 0x00000000ce200000| PB 0x00000000ce200000| Untracked 
| 149|0x00000000ce300000, 0x00000000ce300000, 0x00000000ce400000|  0%| F|  |TAMS 0x00000000ce300000| PB 0x00000000ce300000| Untracked 
| 150|0x00000000ce400000, 0x00000000ce400000, 0x00000000ce500000|  0%| F|  |TAMS 0x00000000ce400000| PB 0x00000000ce400000| Untracked 
| 151|0x00000000ce500000, 0x00000000ce500000, 0x00000000ce600000|  0%| F|  |TAMS 0x00000000ce500000| PB 0x00000000ce500000| Untracked 
| 152|0x00000000ce600000, 0x00000000ce600000, 0x00000000ce700000|  0%| F|  |TAMS 0x00000000ce600000| PB 0x00000000ce600000| Untracked 
| 153|0x00000000ce700000, 0x00000000ce700000, 0x00000000ce800000|  0%| F|  |TAMS 0x00000000ce700000| PB 0x00000000ce700000| Untracked 
| 154|0x00000000ce800000, 0x00000000ce800000, 0x00000000ce900000|  0%| F|  |TAMS 0x00000000ce800000| PB 0x00000000ce800000| Untracked 
| 155|0x00000000ce900000, 0x00000000ce900000, 0x00000000cea00000|  0%| F|  |TAMS 0x00000000ce900000| PB 0x00000000ce900000| Untracked 
| 156|0x00000000cea00000, 0x00000000cea00000, 0x00000000ceb00000|  0%| F|  |TAMS 0x00000000cea00000| PB 0x00000000cea00000| Untracked 
| 157|0x00000000ceb00000, 0x00000000ceb00000, 0x00000000cec00000|  0%| F|  |TAMS 0x00000000ceb00000| PB 0x00000000ceb00000| Untracked 
| 158|0x00000000cec00000, 0x00000000cec00000, 0x00000000ced00000|  0%| F|  |TAMS 0x00000000cec00000| PB 0x00000000cec00000| Untracked 
| 159|0x00000000ced00000, 0x00000000ced00000, 0x00000000cee00000|  0%| F|  |TAMS 0x00000000ced00000| PB 0x00000000ced00000| Untracked 
| 160|0x00000000cee00000, 0x00000000cee00000, 0x00000000cef00000|  0%| F|  |TAMS 0x00000000cee00000| PB 0x00000000cee00000| Untracked 
| 161|0x00000000cef00000, 0x00000000cef00000, 0x00000000cf000000|  0%| F|  |TAMS 0x00000000cef00000| PB 0x00000000cef00000| Untracked 
| 162|0x00000000cf000000, 0x00000000cf000000, 0x00000000cf100000|  0%| F|  |TAMS 0x00000000cf000000| PB 0x00000000cf000000| Untracked 
| 163|0x00000000cf100000, 0x00000000cf100000, 0x00000000cf200000|  0%| F|  |TAMS 0x00000000cf100000| PB 0x00000000cf100000| Untracked 
| 164|0x00000000cf200000, 0x00000000cf200000, 0x00000000cf300000|  0%| F|  |TAMS 0x00000000cf200000| PB 0x00000000cf200000| Untracked 
| 165|0x00000000cf300000, 0x00000000cf300000, 0x00000000cf400000|  0%| F|  |TAMS 0x00000000cf300000| PB 0x00000000cf300000| Untracked 
| 166|0x00000000cf400000, 0x00000000cf400000, 0x00000000cf500000|  0%| F|  |TAMS 0x00000000cf400000| PB 0x00000000cf400000| Untracked 
| 167|0x00000000cf500000, 0x00000000cf500000, 0x00000000cf600000|  0%| F|  |TAMS 0x00000000cf500000| PB 0x00000000cf500000| Untracked 
| 168|0x00000000cf600000, 0x00000000cf600000, 0x00000000cf700000|  0%| F|  |TAMS 0x00000000cf600000| PB 0x00000000cf600000| Untracked 
| 169|0x00000000cf700000, 0x00000000cf700000, 0x00000000cf800000|  0%| F|  |TAMS 0x00000000cf700000| PB 0x00000000cf700000| Untracked 
| 170|0x00000000cf800000, 0x00000000cf800000, 0x00000000cf900000|  0%| F|  |TAMS 0x00000000cf800000| PB 0x00000000cf800000| Untracked 
| 171|0x00000000cf900000, 0x00000000cf900000, 0x00000000cfa00000|  0%| F|  |TAMS 0x00000000cf900000| PB 0x00000000cf900000| Untracked 
| 172|0x00000000cfa00000, 0x00000000cfa00000, 0x00000000cfb00000|  0%| F|  |TAMS 0x00000000cfa00000| PB 0x00000000cfa00000| Untracked 
| 173|0x00000000cfb00000, 0x00000000cfb00000, 0x00000000cfc00000|  0%| F|  |TAMS 0x00000000cfb00000| PB 0x00000000cfb00000| Untracked 
| 174|0x00000000cfc00000, 0x00000000cfc00000, 0x00000000cfd00000|  0%| F|  |TAMS 0x00000000cfc00000| PB 0x00000000cfc00000| Untracked 
| 175|0x00000000cfd00000, 0x00000000cfd00000, 0x00000000cfe00000|  0%| F|  |TAMS 0x00000000cfd00000| PB 0x00000000cfd00000| Untracked 
| 176|0x00000000cfe00000, 0x00000000cfe00000, 0x00000000cff00000|  0%| F|  |TAMS 0x00000000cfe00000| PB 0x00000000cfe00000| Untracked 
| 177|0x00000000cff00000, 0x00000000cff00000, 0x00000000d0000000|  0%| F|  |TAMS 0x00000000cff00000| PB 0x00000000cff00000| Untracked 
| 178|0x00000000d0000000, 0x00000000d0000000, 0x00000000d0100000|  0%| F|  |TAMS 0x00000000d0000000| PB 0x00000000d0000000| Untracked 
| 179|0x00000000d0100000, 0x00000000d0100000, 0x00000000d0200000|  0%| F|  |TAMS 0x00000000d0100000| PB 0x00000000d0100000| Untracked 
| 180|0x00000000d0200000, 0x00000000d0200000, 0x00000000d0300000|  0%| F|  |TAMS 0x00000000d0200000| PB 0x00000000d0200000| Untracked 
| 181|0x00000000d0300000, 0x00000000d0300000, 0x00000000d0400000|  0%| F|  |TAMS 0x00000000d0300000| PB 0x00000000d0300000| Untracked 
| 182|0x00000000d0400000, 0x00000000d0400000, 0x00000000d0500000|  0%| F|  |TAMS 0x00000000d0400000| PB 0x00000000d0400000| Untracked 
| 183|0x00000000d0500000, 0x00000000d0500000, 0x00000000d0600000|  0%| F|  |TAMS 0x00000000d0500000| PB 0x00000000d0500000| Untracked 
| 184|0x00000000d0600000, 0x00000000d0600000, 0x00000000d0700000|  0%| F|  |TAMS 0x00000000d0600000| PB 0x00000000d0600000| Untracked 
| 185|0x00000000d0700000, 0x00000000d0700000, 0x00000000d0800000|  0%| F|  |TAMS 0x00000000d0700000| PB 0x00000000d0700000| Untracked 
| 186|0x00000000d0800000, 0x00000000d0800000, 0x00000000d0900000|  0%| F|  |TAMS 0x00000000d0800000| PB 0x00000000d0800000| Untracked 
| 187|0x00000000d0900000, 0x00000000d0900000, 0x00000000d0a00000|  0%| F|  |TAMS 0x00000000d0900000| PB 0x00000000d0900000| Untracked 
| 188|0x00000000d0a00000, 0x00000000d0a00000, 0x00000000d0b00000|  0%| F|  |TAMS 0x00000000d0a00000| PB 0x00000000d0a00000| Untracked 
| 189|0x00000000d0b00000, 0x00000000d0b00000, 0x00000000d0c00000|  0%| F|  |TAMS 0x00000000d0b00000| PB 0x00000000d0b00000| Untracked 
| 190|0x00000000d0c00000, 0x00000000d0c00000, 0x00000000d0d00000|  0%| F|  |TAMS 0x00000000d0c00000| PB 0x00000000d0c00000| Untracked 
| 191|0x00000000d0d00000, 0x00000000d0d00000, 0x00000000d0e00000|  0%| F|  |TAMS 0x00000000d0d00000| PB 0x00000000d0d00000| Untracked 
| 192|0x00000000d0e00000, 0x00000000d0e00000, 0x00000000d0f00000|  0%| F|  |TAMS 0x00000000d0e00000| PB 0x00000000d0e00000| Untracked 
| 193|0x00000000d0f00000, 0x00000000d0f00000, 0x00000000d1000000|  0%| F|  |TAMS 0x00000000d0f00000| PB 0x00000000d0f00000| Untracked 
| 194|0x00000000d1000000, 0x00000000d1000000, 0x00000000d1100000|  0%| F|  |TAMS 0x00000000d1000000| PB 0x00000000d1000000| Untracked 
| 195|0x00000000d1100000, 0x00000000d1100000, 0x00000000d1200000|  0%| F|  |TAMS 0x00000000d1100000| PB 0x00000000d1100000| Untracked 
| 196|0x00000000d1200000, 0x00000000d1200000, 0x00000000d1300000|  0%| F|  |TAMS 0x00000000d1200000| PB 0x00000000d1200000| Untracked 
| 197|0x00000000d1300000, 0x00000000d1300000, 0x00000000d1400000|  0%| F|  |TAMS 0x00000000d1300000| PB 0x00000000d1300000| Untracked 
| 198|0x00000000d1400000, 0x00000000d1400000, 0x00000000d1500000|  0%| F|  |TAMS 0x00000000d1400000| PB 0x00000000d1400000| Untracked 
| 199|0x00000000d1500000, 0x00000000d1500000, 0x00000000d1600000|  0%| F|  |TAMS 0x00000000d1500000| PB 0x00000000d1500000| Untracked 
| 200|0x00000000d1600000, 0x00000000d1600000, 0x00000000d1700000|  0%| F|  |TAMS 0x00000000d1600000| PB 0x00000000d1600000| Untracked 
| 201|0x00000000d1700000, 0x00000000d1700000, 0x00000000d1800000|  0%| F|  |TAMS 0x00000000d1700000| PB 0x00000000d1700000| Untracked 
| 202|0x00000000d1800000, 0x00000000d1800000, 0x00000000d1900000|  0%| F|  |TAMS 0x00000000d1800000| PB 0x00000000d1800000| Untracked 
| 203|0x00000000d1900000, 0x00000000d1900000, 0x00000000d1a00000|  0%| F|  |TAMS 0x00000000d1900000| PB 0x00000000d1900000| Untracked 
| 204|0x00000000d1a00000, 0x00000000d1a00000, 0x00000000d1b00000|  0%| F|  |TAMS 0x00000000d1a00000| PB 0x00000000d1a00000| Untracked 
| 205|0x00000000d1b00000, 0x00000000d1b00000, 0x00000000d1c00000|  0%| F|  |TAMS 0x00000000d1b00000| PB 0x00000000d1b00000| Untracked 
| 206|0x00000000d1c00000, 0x00000000d1c00000, 0x00000000d1d00000|  0%| F|  |TAMS 0x00000000d1c00000| PB 0x00000000d1c00000| Untracked 
| 207|0x00000000d1d00000, 0x00000000d1d00000, 0x00000000d1e00000|  0%| F|  |TAMS 0x00000000d1d00000| PB 0x00000000d1d00000| Untracked 
| 208|0x00000000d1e00000, 0x00000000d1e00000, 0x00000000d1f00000|  0%| F|  |TAMS 0x00000000d1e00000| PB 0x00000000d1e00000| Untracked 
| 209|0x00000000d1f00000, 0x00000000d1f00000, 0x00000000d2000000|  0%| F|  |TAMS 0x00000000d1f00000| PB 0x00000000d1f00000| Untracked 
| 210|0x00000000d2000000, 0x00000000d2000000, 0x00000000d2100000|  0%| F|  |TAMS 0x00000000d2000000| PB 0x00000000d2000000| Untracked 
| 211|0x00000000d2100000, 0x00000000d2100000, 0x00000000d2200000|  0%| F|  |TAMS 0x00000000d2100000| PB 0x00000000d2100000| Untracked 
| 212|0x00000000d2200000, 0x00000000d2200000, 0x00000000d2300000|  0%| F|  |TAMS 0x00000000d2200000| PB 0x00000000d2200000| Untracked 
| 213|0x00000000d2300000, 0x00000000d2300000, 0x00000000d2400000|  0%| F|  |TAMS 0x00000000d2300000| PB 0x00000000d2300000| Untracked 
| 214|0x00000000d2400000, 0x00000000d2400000, 0x00000000d2500000|  0%| F|  |TAMS 0x00000000d2400000| PB 0x00000000d2400000| Untracked 
| 215|0x00000000d2500000, 0x00000000d2500000, 0x00000000d2600000|  0%| F|  |TAMS 0x00000000d2500000| PB 0x00000000d2500000| Untracked 
| 216|0x00000000d2600000, 0x00000000d2600000, 0x00000000d2700000|  0%| F|  |TAMS 0x00000000d2600000| PB 0x00000000d2600000| Untracked 
| 217|0x00000000d2700000, 0x00000000d2700000, 0x00000000d2800000|  0%| F|  |TAMS 0x00000000d2700000| PB 0x00000000d2700000| Untracked 
| 218|0x00000000d2800000, 0x00000000d2800000, 0x00000000d2900000|  0%| F|  |TAMS 0x00000000d2800000| PB 0x00000000d2800000| Untracked 
| 219|0x00000000d2900000, 0x00000000d2900000, 0x00000000d2a00000|  0%| F|  |TAMS 0x00000000d2900000| PB 0x00000000d2900000| Untracked 
| 220|0x00000000d2a00000, 0x00000000d2a00000, 0x00000000d2b00000|  0%| F|  |TAMS 0x00000000d2a00000| PB 0x00000000d2a00000| Untracked 
| 221|0x00000000d2b00000, 0x00000000d2b00000, 0x00000000d2c00000|  0%| F|  |TAMS 0x00000000d2b00000| PB 0x00000000d2b00000| Untracked 
| 242|0x00000000d4000000, 0x00000000d4000000, 0x00000000d4100000|  0%| F|  |TAMS 0x00000000d4000000| PB 0x00000000d4000000| Untracked 
| 243|0x00000000d4100000, 0x00000000d4100000, 0x00000000d4200000|  0%| F|  |TAMS 0x00000000d4100000| PB 0x00000000d4100000| Untracked 
| 244|0x00000000d4200000, 0x00000000d4200000, 0x00000000d4300000|  0%| F|  |TAMS 0x00000000d4200000| PB 0x00000000d4200000| Untracked 
| 245|0x00000000d4300000, 0x00000000d4300000, 0x00000000d4400000|  0%| F|  |TAMS 0x00000000d4300000| PB 0x00000000d4300000| Untracked 
| 938|0x00000000ff800000, 0x00000000ff800000, 0x00000000ff900000|  0%| F|  |TAMS 0x00000000ff800000| PB 0x00000000ff800000| Untracked 
| 939|0x00000000ff900000, 0x00000000ff900000, 0x00000000ffa00000|  0%| F|  |TAMS 0x00000000ff900000| PB 0x00000000ff900000| Untracked 
| 940|0x00000000ffa00000, 0x00000000ffa00000, 0x00000000ffb00000|  0%| F|  |TAMS 0x00000000ffa00000| PB 0x00000000ffa00000| Untracked 
| 941|0x00000000ffb00000, 0x00000000ffb00000, 0x00000000ffc00000|  0%| F|  |TAMS 0x00000000ffb00000| PB 0x00000000ffb00000| Untracked 
| 942|0x00000000ffc00000, 0x00000000ffc00000, 0x00000000ffd00000|  0%| F|  |TAMS 0x00000000ffc00000| PB 0x00000000ffc00000| Untracked 
| 943|0x00000000ffd00000, 0x00000000ffd00000, 0x00000000ffe00000|  0%| F|  |TAMS 0x00000000ffd00000| PB 0x00000000ffd00000| Untracked 
| 944|0x00000000ffe00000, 0x00000000ffe00000, 0x00000000fff00000|  0%| F|  |TAMS 0x00000000ffe00000| PB 0x00000000ffe00000| Untracked 
| 945|0x00000000fff00000, 0x00000000fff00000, 0x0000000100000000|  0%| F|  |TAMS 0x00000000fff00000| PB 0x00000000fff00000| Untracked 

Card table byte_map: [0x00000189cc040000,0x00000189cc220000] _byte_map_base: 0x00000189cba19000

Marking Bits: (CMBitMap*) 0x00000189c0c1fc30
 Bits: [0x00000189cc220000, 0x00000189cd0e8000)

Polling page: 0x00000189be9e0000

Metaspace:

Usage:
  Non-class:     67.53 MB used.
      Class:     11.45 MB used.
       Both:     78.99 MB used.

Virtual space:
  Non-class space:      128.00 MB reserved,      68.44 MB ( 53%) committed,  2 nodes.
      Class space:        1.00 GB reserved,      12.25 MB (  1%) committed,  1 nodes.
             Both:        1.12 GB reserved,      80.69 MB (  7%) committed. 

Chunk freelists:
   Non-Class:  10.76 MB
       Class:  3.77 MB
        Both:  14.54 MB

MaxMetaspaceSize: unlimited
CompressedClassSpaceSize: 1.00 GB
Initial GC threshold: 21.00 MB
Current GC threshold: 134.38 MB
CDS: on
 - commit_granule_bytes: 65536.
 - commit_granule_words: 8192.
 - virtual_space_node_default_size: 8388608.
 - enlarge_chunks_in_place: 1.
 - use_allocation_guard: 0.


Internal statistics:

num_allocs_failed_limit: 6.
num_arena_births: 3532.
num_arena_deaths: 610.
num_vsnodes_births: 3.
num_vsnodes_deaths: 0.
num_space_committed: 1291.
num_space_uncommitted: 0.
num_chunks_returned_to_freelist: 761.
num_chunks_taken_from_freelist: 7148.
num_chunk_merges: 183.
num_chunk_splits: 4609.
num_chunks_enlarged: 2880.
num_inconsistent_stats: 0.

CodeCache: size=49152Kb used=15410Kb max_used=23447Kb free=33741Kb
 bounds [0x00000189c9040000, 0x00000189ca730000, 0x00000189cc040000]
 total_blobs=8889 nmethods=8164 adapters=647
 compilation: enabled
              stopped_count=0, restarted_count=0
 full_count=0

Compilation events (20 events):
Event: 1786.148 Thread 0x00000189cf55ff20 23985       1       com.mysql.cj.protocol.a.NativeServerSession::getServerVariables (5 bytes)
Event: 1786.148 Thread 0x00000189cf55ff20 nmethod 23985 0x00000189c95b6410 code [0x00000189c95b65a0, 0x00000189c95b6668]
Event: 1786.148 Thread 0x00000189cf55ff20 23986       1       com.mysql.cj.protocol.a.NativeProtocol::getServerSession (5 bytes)
Event: 1786.149 Thread 0x00000189cf55ff20 nmethod 23986 0x00000189c967e190 code [0x00000189c967e320, 0x00000189c967e3e8]
Event: 1793.887 Thread 0x00000189cf55ff20 23987       1       java.util.concurrent.locks.ReentrantReadWriteLock$Sync$ThreadLocalHoldCounter::initialValue (5 bytes)
Event: 1793.887 Thread 0x00000189cf55ff20 nmethod 23987 0x00000189c9573d90 code [0x00000189c9573f20, 0x00000189c9574060]
Event: 1793.888 Thread 0x00000189cf55ff20 23988       1       java.util.concurrent.locks.ReentrantReadWriteLock$Sync$ThreadLocalHoldCounter::initialValue (8 bytes)
Event: 1793.888 Thread 0x00000189cf55ff20 nmethod 23988 0x00000189c9586290 code [0x00000189c9586420, 0x00000189c9586558]
Event: 1794.437 Thread 0x00000189cf55ff20 23989       1       java.net.URI$Parser::scan (41 bytes)
Event: 1794.438 Thread 0x00000189cf55ff20 nmethod 23989 0x00000189c94d5b10 code [0x00000189c94d5cc0, 0x00000189c94d5f30]
Event: 1794.445 Thread 0x00000189cf55ff20 23990       1       com.mysql.cj.protocol.a.NativeCapabilities::getServerVersion (5 bytes)
Event: 1794.446 Thread 0x00000189cf55ff20 nmethod 23990 0x00000189c9690590 code [0x00000189c9690720, 0x00000189c96907e8]
Event: 1797.406 Thread 0x00000189cf55ff20 23991       1       com.mysql.cj.conf.DefaultPropertySet::getStringProperty (6 bytes)
Event: 1797.407 Thread 0x00000189cf55ff20 nmethod 23991 0x00000189c9601590 code [0x00000189c9601740, 0x00000189c9601828]
Event: 1797.415 Thread 0x00000189cf55ff20 23992       1       java.util.Collections$EmptyList::contains (2 bytes)
Event: 1797.415 Thread 0x00000189cf55ff20 nmethod 23992 0x00000189c969ba90 code [0x00000189c969bc20, 0x00000189c969bce8]
Event: 1797.439 Thread 0x00000189cf55ff20 23993       1       java.lang.invoke.VarHandleInts$FieldInstanceReadWrite::compareAndSet (32 bytes)
Event: 1797.442 Thread 0x00000189cf55ff20 nmethod 23993 0x00000189c965f110 code [0x00000189c965f2e0, 0x00000189c965f5c0]
Event: 1799.191 Thread 0x00000189cf55ff20 23994       1       java.util.concurrent.locks.ReentrantReadWriteLock$Sync::sharedCount (5 bytes)
Event: 1799.191 Thread 0x00000189cf55ff20 nmethod 23994 0x00000189c96de690 code [0x00000189c96de820, 0x00000189c96de8d0]

GC Heap History (20 events):
Event: 1695.110 GC heap after
{Heap after GC invocations=128 (full 0):
 garbage-first heap   total 239616K, used 70144K [0x00000000c4e00000, 0x0000000100000000)
  region size 1024K, 5 young (5120K), 5 survivors (5120K)
 Metaspace       used 80869K, committed 82560K, reserved 1179648K
  class space    used 11730K, committed 12544K, reserved 1048576K
}
Event: 1701.848 GC heap before
{Heap before GC invocations=129 (full 0):
 garbage-first heap   total 239616K, used 208384K [0x00000000c4e00000, 0x0000000100000000)
  region size 1024K, 140 young (143360K), 5 survivors (5120K)
 Metaspace       used 80869K, committed 82560K, reserved 1179648K
  class space    used 11730K, committed 12544K, reserved 1048576K
}
Event: 1701.853 GC heap after
{Heap after GC invocations=130 (full 0):
 garbage-first heap   total 239616K, used 68170K [0x00000000c4e00000, 0x0000000100000000)
  region size 1024K, 3 young (3072K), 3 survivors (3072K)
 Metaspace       used 80869K, committed 82560K, reserved 1179648K
  class space    used 11730K, committed 12544K, reserved 1048576K
}
Event: 1702.508 GC heap before
{Heap before GC invocations=130 (full 0):
 garbage-first heap   total 239616K, used 82506K [0x00000000c4e00000, 0x0000000100000000)
  region size 1024K, 17 young (17408K), 3 survivors (3072K)
 Metaspace       used 80869K, committed 82560K, reserved 1179648K
  class space    used 11730K, committed 12544K, reserved 1048576K
}
Event: 1702.521 GC heap after
{Heap after GC invocations=131 (full 0):
 garbage-first heap   total 239616K, used 67407K [0x00000000c4e00000, 0x0000000100000000)
  region size 1024K, 1 young (1024K), 1 survivors (1024K)
 Metaspace       used 80869K, committed 82560K, reserved 1179648K
  class space    used 11730K, committed 12544K, reserved 1048576K
}
Event: 1706.839 GC heap before
{Heap before GC invocations=131 (full 0):
 garbage-first heap   total 239616K, used 103247K [0x00000000c4e00000, 0x0000000100000000)
  region size 1024K, 36 young (36864K), 1 survivors (1024K)
 Metaspace       used 80869K, committed 82560K, reserved 1179648K
  class space    used 11730K, committed 12544K, reserved 1048576K
}
Event: 1706.848 GC heap after
{Heap after GC invocations=132 (full 0):
 garbage-first heap   total 239616K, used 66541K [0x00000000c4e00000, 0x0000000100000000)
  region size 1024K, 1 young (1024K), 1 survivors (1024K)
 Metaspace       used 80869K, committed 82560K, reserved 1179648K
  class space    used 11730K, committed 12544K, reserved 1048576K
}
Event: 1719.621 GC heap before
{Heap before GC invocations=132 (full 0):
 garbage-first heap   total 239616K, used 207853K [0x00000000c4e00000, 0x0000000100000000)
  region size 1024K, 140 young (143360K), 1 survivors (1024K)
 Metaspace       used 80869K, committed 82560K, reserved 1179648K
  class space    used 11730K, committed 12544K, reserved 1048576K
}
Event: 1719.631 GC heap after
{Heap after GC invocations=133 (full 0):
 garbage-first heap   total 239616K, used 66283K [0x00000000c4e00000, 0x0000000100000000)
  region size 1024K, 1 young (1024K), 1 survivors (1024K)
 Metaspace       used 80869K, committed 82560K, reserved 1179648K
  class space    used 11730K, committed 12544K, reserved 1048576K
}
Event: 1767.523 GC heap before
{Heap before GC invocations=133 (full 0):
 garbage-first heap   total 239616K, used 208619K [0x00000000c4e00000, 0x0000000100000000)
  region size 1024K, 140 young (143360K), 1 survivors (1024K)
 Metaspace       used 80869K, committed 82560K, reserved 1179648K
  class space    used 11730K, committed 12544K, reserved 1048576K
}
Event: 1767.661 GC heap after
{Heap after GC invocations=134 (full 0):
 garbage-first heap   total 239616K, used 66449K [0x00000000c4e00000, 0x0000000100000000)
  region size 1024K, 1 young (1024K), 1 survivors (1024K)
 Metaspace       used 80869K, committed 82560K, reserved 1179648K
  class space    used 11730K, committed 12544K, reserved 1048576K
}
Event: 1795.207 GC heap before
{Heap before GC invocations=135 (full 0):
 garbage-first heap   total 239616K, used 201617K [0x00000000c4e00000, 0x0000000100000000)
  region size 1024K, 140 young (143360K), 1 survivors (1024K)
 Metaspace       used 80896K, committed 82624K, reserved 1179648K
  class space    used 11732K, committed 12544K, reserved 1048576K
}
Event: 1795.241 GC heap after
{Heap after GC invocations=136 (full 0):
 garbage-first heap   total 239616K, used 59633K [0x00000000c4e00000, 0x0000000100000000)
  region size 1024K, 1 young (1024K), 1 survivors (1024K)
 Metaspace       used 80896K, committed 82624K, reserved 1179648K
  class space    used 11732K, committed 12544K, reserved 1048576K
}
Event: 1797.101 GC heap before
{Heap before GC invocations=136 (full 0):
 garbage-first heap   total 239616K, used 201969K [0x00000000c4e00000, 0x0000000100000000)
  region size 1024K, 140 young (143360K), 1 survivors (1024K)
 Metaspace       used 80896K, committed 82624K, reserved 1179648K
  class space    used 11732K, committed 12544K, reserved 1048576K
}
Event: 1797.122 GC heap after
{Heap after GC invocations=137 (full 0):
 garbage-first heap   total 239616K, used 57201K [0x00000000c4e00000, 0x0000000100000000)
  region size 1024K, 1 young (1024K), 1 survivors (1024K)
 Metaspace       used 80896K, committed 82624K, reserved 1179648K
  class space    used 11732K, committed 12544K, reserved 1048576K
}
Event: 1798.095 GC heap before
{Heap before GC invocations=137 (full 0):
 garbage-first heap   total 239616K, used 199537K [0x00000000c4e00000, 0x0000000100000000)
  region size 1024K, 140 young (143360K), 1 survivors (1024K)
 Metaspace       used 80896K, committed 82624K, reserved 1179648K
  class space    used 11732K, committed 12544K, reserved 1048576K
}
Event: 1798.108 GC heap after
{Heap after GC invocations=138 (full 0):
 garbage-first heap   total 239616K, used 57297K [0x00000000c4e00000, 0x0000000100000000)
  region size 1024K, 1 young (1024K), 1 survivors (1024K)
 Metaspace       used 80896K, committed 82624K, reserved 1179648K
  class space    used 11732K, committed 12544K, reserved 1048576K
}
Event: 1799.382 GC heap before
{Heap before GC invocations=139 (full 0):
 garbage-first heap   total 239616K, used 199633K [0x00000000c4e00000, 0x0000000100000000)
  region size 1024K, 140 young (143360K), 1 survivors (1024K)
 Metaspace       used 80883K, committed 82624K, reserved 1179648K
  class space    used 11728K, committed 12544K, reserved 1048576K
}
Event: 1799.389 GC heap after
{Heap after GC invocations=140 (full 0):
 garbage-first heap   total 239616K, used 57268K [0x00000000c4e00000, 0x0000000100000000)
  region size 1024K, 1 young (1024K), 1 survivors (1024K)
 Metaspace       used 80883K, committed 82624K, reserved 1179648K
  class space    used 11728K, committed 12544K, reserved 1048576K
}
Event: 1802.031 GC heap before
{Heap before GC invocations=140 (full 0):
 garbage-first heap   total 239616K, used 199604K [0x00000000c4e00000, 0x0000000100000000)
  region size 1024K, 140 young (143360K), 1 survivors (1024K)
 Metaspace       used 80883K, committed 82624K, reserved 1179648K
  class space    used 11728K, committed 12544K, reserved 1048576K
}

Dll operation events (13 events):
Event: 0.038 Loaded shared library C:\Program Files\Java\jdk-21\bin\java.dll
Event: 0.602 Loaded shared library C:\Program Files\Java\jdk-21\bin\zip.dll
Event: 0.614 Loaded shared library C:\Program Files\Java\jdk-21\bin\instrument.dll
Event: 0.631 Loaded shared library C:\Program Files\Java\jdk-21\bin\net.dll
Event: 0.689 Loaded shared library C:\Program Files\Java\jdk-21\bin\nio.dll
Event: 0.698 Loaded shared library C:\Program Files\Java\jdk-21\bin\zip.dll
Event: 1.643 Loaded shared library C:\Program Files\JetBrains\IntelliJ IDEA 2023.2.2\bin\breakgen64.dll
Event: 1.660 Loaded shared library C:\Program Files\Java\jdk-21\bin\jimage.dll
Event: 1.674 Loaded shared library C:\Program Files\Java\jdk-21\bin\extnet.dll
Event: 1.710 Loaded shared library C:\Program Files\Java\jdk-21\bin\management.dll
Event: 1.755 Loaded shared library C:\Program Files\Java\jdk-21\bin\management_ext.dll
Event: 2.646 Loaded shared library C:\Program Files\Java\jdk-21\bin\verify.dll
Event: 11.334 Loaded shared library C:\Program Files\Java\jdk-21\bin\sunmscapi.dll

Deoptimization events (20 events):
Event: 4.426 Thread 0x00000189c0be8340 DEOPT PACKING pc=0x00000189c954b179 sp=0x0000004404cfd150
Event: 4.427 Thread 0x00000189c0be8340 DEOPT UNPACKING pc=0x00000189c9094e42 sp=0x0000004404cfc630 mode 3
Event: 5.535 Thread 0x00000189c0be8340 DEOPT PACKING pc=0x00000189c95af53c sp=0x0000004404cfdf80
Event: 5.535 Thread 0x00000189c0be8340 DEOPT UNPACKING pc=0x00000189c9094e42 sp=0x0000004404cfd5b0 mode 0
Event: 7.750 Thread 0x00000189c0be8340 DEOPT PACKING pc=0x00000189c968f054 sp=0x0000004404cfe330
Event: 7.750 Thread 0x00000189c0be8340 DEOPT UNPACKING pc=0x00000189c9094e42 sp=0x0000004404cfd7d0 mode 0
Event: 9.891 Thread 0x00000189c0be8340 DEOPT PACKING pc=0x00000189c9828bf9 sp=0x0000004404cfca00
Event: 9.891 Thread 0x00000189c0be8340 DEOPT UNPACKING pc=0x00000189c9094e42 sp=0x0000004404cfbee0 mode 3
Event: 13.124 Thread 0x00000189c0be8340 DEOPT PACKING pc=0x00000189c98d7d1d sp=0x0000004404cf59e0
Event: 13.125 Thread 0x00000189c0be8340 DEOPT UNPACKING pc=0x00000189c9094e42 sp=0x0000004404cf4f48 mode 3
Event: 22.684 Thread 0x00000189c0be8340 DEOPT PACKING pc=0x00000189c9552a24 sp=0x0000004404cfa760
Event: 22.684 Thread 0x00000189c0be8340 DEOPT UNPACKING pc=0x00000189c9094e42 sp=0x0000004404cf9cb8 mode 0
Event: 28.679 Thread 0x00000189c0be8340 DEOPT PACKING pc=0x00000189c955fb89 sp=0x0000004404cfdb00
Event: 28.679 Thread 0x00000189c0be8340 DEOPT UNPACKING pc=0x00000189c9094e42 sp=0x0000004404cfd008 mode 3
Event: 61.825 Thread 0x0000018a170ffb70 DEOPT PACKING pc=0x00000189ca1cf5c6 sp=0x0000004406efb1e0
Event: 61.825 Thread 0x0000018a170ffb70 DEOPT UNPACKING pc=0x00000189c9094e42 sp=0x0000004406efa6e8 mode 3
Event: 467.749 Thread 0x0000018a17cf4b00 DEOPT PACKING pc=0x00000189c9bb8c5f sp=0x00000044075fa280
Event: 467.750 Thread 0x0000018a17cf4b00 DEOPT UNPACKING pc=0x00000189c9094e42 sp=0x00000044075f9848 mode 3
Event: 1331.987 Thread 0x0000018a170ff4e0 DEOPT PACKING pc=0x00000189ca369b94 sp=0x0000004406df9690
Event: 1331.990 Thread 0x0000018a170ff4e0 DEOPT UNPACKING pc=0x00000189c9094e42 sp=0x0000004406df8b48 mode 0

Classes loaded (20 events):
Event: 1782.614 Loading class javax/net/ssl/SSLSocket
Event: 1782.705 Loading class javax/net/ssl/SSLSocket done
Event: 1782.710 Loading class java/security/spec/InvalidKeySpecException
Event: 1782.718 Loading class java/security/spec/InvalidKeySpecException done
Event: 1782.757 Loading class javax/crypto/NoSuchPaddingException
Event: 1782.766 Loading class javax/crypto/NoSuchPaddingException done
Event: 1782.769 Loading class javax/crypto/IllegalBlockSizeException
Event: 1782.783 Loading class javax/crypto/IllegalBlockSizeException done
Event: 1782.792 Loading class javax/crypto/BadPaddingException
Event: 1782.812 Loading class javax/crypto/BadPaddingException done
Event: 1782.817 Loading class java/security/UnrecoverableKeyException
Event: 1782.835 Loading class java/security/UnrecoverableEntryException
Event: 1782.846 Loading class java/security/UnrecoverableEntryException done
Event: 1782.847 Loading class java/security/UnrecoverableKeyException done
Event: 1782.852 Loading class java/security/KeyStoreException
Event: 1782.860 Loading class java/security/KeyStoreException done
Event: 1782.864 Loading class java/security/KeyManagementException
Event: 1782.869 Loading class java/security/KeyManagementException done
Event: 1782.873 Loading class javax/net/ssl/TrustManager
Event: 1782.886 Loading class javax/net/ssl/TrustManager done

Classes unloaded (20 events):
Event: 1769.570 Thread 0x00000189c0ca5ad0 Unloading class 0x00000189d1bf9c00 'java/lang/invoke/LambdaForm$MH+0x00000189d1bf9c00'
Event: 1769.570 Thread 0x00000189c0ca5ad0 Unloading class 0x00000189d1bf9800 'java/lang/invoke/LambdaForm$MH+0x00000189d1bf9800'
Event: 1769.570 Thread 0x00000189c0ca5ad0 Unloading class 0x00000189d1bf9000 'java/lang/invoke/LambdaForm$MH+0x00000189d1bf9000'
Event: 1769.570 Thread 0x00000189c0ca5ad0 Unloading class 0x00000189d1bf8400 'java/lang/invoke/LambdaForm$MH+0x00000189d1bf8400'
Event: 1769.571 Thread 0x00000189c0ca5ad0 Unloading class 0x00000189d1bf7800 'java/lang/invoke/LambdaForm$DMH+0x00000189d1bf7800'
Event: 1769.572 Thread 0x00000189c0ca5ad0 Unloading class 0x00000189d1bf7400 'java/lang/invoke/LambdaForm$DMH+0x00000189d1bf7400'
Event: 1769.574 Thread 0x00000189c0ca5ad0 Unloading class 0x00000189d1bee800 'java/lang/invoke/LambdaForm$DMH+0x00000189d1bee800'
Event: 1769.574 Thread 0x00000189c0ca5ad0 Unloading class 0x00000189d1bee400 'java/lang/invoke/LambdaForm$DMH+0x00000189d1bee400'
Event: 1769.575 Thread 0x00000189c0ca5ad0 Unloading class 0x00000189d1bedc00 'java/lang/invoke/LambdaForm$DMH+0x00000189d1bedc00'
Event: 1769.577 Thread 0x00000189c0ca5ad0 Unloading class 0x00000189d1be0800 'java/lang/invoke/LambdaForm$DMH+0x00000189d1be0800'
Event: 1769.578 Thread 0x00000189c0ca5ad0 Unloading class 0x00000189d1bd5c00 'java/lang/invoke/LambdaForm$MH+0x00000189d1bd5c00'
Event: 1769.578 Thread 0x00000189c0ca5ad0 Unloading class 0x00000189d1bd5400 'java/lang/invoke/LambdaForm$MH+0x00000189d1bd5400'
Event: 1769.578 Thread 0x00000189c0ca5ad0 Unloading class 0x00000189d1bd5000 'java/lang/invoke/LambdaForm$MH+0x00000189d1bd5000'
Event: 1798.398 Thread 0x00000189c0ca5ad0 Unloading class 0x00000189d1c00c00 'java/lang/invoke/LambdaForm$MH+0x00000189d1c00c00'
Event: 1798.398 Thread 0x00000189c0ca5ad0 Unloading class 0x00000189d1c00800 'java/lang/invoke/LambdaForm$MH+0x00000189d1c00800'
Event: 1798.398 Thread 0x00000189c0ca5ad0 Unloading class 0x00000189d1c00400 'java/lang/invoke/LambdaForm$MH+0x00000189d1c00400'
Event: 1798.398 Thread 0x00000189c0ca5ad0 Unloading class 0x00000189d1c00000 'java/lang/invoke/LambdaForm$MH+0x00000189d1c00000'
Event: 1798.398 Thread 0x00000189c0ca5ad0 Unloading class 0x00000189d1bfb400 'java/lang/invoke/LambdaForm$MH+0x00000189d1bfb400'
Event: 1798.398 Thread 0x00000189c0ca5ad0 Unloading class 0x00000189d1bf8800 'java/lang/invoke/LambdaForm$MH+0x00000189d1bf8800'
Event: 1798.398 Thread 0x00000189c0ca5ad0 Unloading class 0x00000189d1bf8000 'java/lang/invoke/LambdaForm$MH+0x00000189d1bf8000'

Classes redefined (0 events):
No events

Internal exceptions (20 events):
Event: 453.273 Thread 0x0000018a17cf5eb0 Exception <a 'java/lang/IncompatibleClassChangeError'{0x00000000cc5dd938}: Found class java.lang.Object, but interface was expected> (0x00000000cc5dd938) 
thrown [s\open\src\hotspot\share\interpreter\linkResolver.cpp, line 840]
Event: 512.872 Thread 0x0000018a170ff4e0 Exception <a 'java/lang/IncompatibleClassChangeError'{0x00000000c9c9a868}: Found class java.lang.Object, but interface was expected> (0x00000000c9c9a868) 
thrown [s\open\src\hotspot\share\interpreter\linkResolver.cpp, line 840]
Event: 651.583 Thread 0x0000018a170ffb70 Exception <a 'java/lang/NoSuchMethodError'{0x00000000c9ec06f8}: 'void java.lang.invoke.DelegatingMethodHandle$Holder.reinvoke_L(java.lang.Object, java.lang.Object, int)'> (0x00000000c9ec06f8) 
thrown [s\open\src\hotspot\share\interpreter\linkResolver.cpp, line 773]
Event: 651.586 Thread 0x0000018a170ffb70 Exception <a 'java/lang/NoSuchMethodError'{0x00000000c9ece028}: 'void java.lang.invoke.DirectMethodHandle$Holder.invokeVirtual(java.lang.Object, java.lang.Object, float)'> (0x00000000c9ece028) 
thrown [s\open\src\hotspot\share\interpreter\linkResolver.cpp, line 773]
Event: 651.587 Thread 0x0000018a170ffb70 Exception <a 'java/lang/NoSuchMethodError'{0x00000000c9ed89a8}: 'float java.lang.invoke.DelegatingMethodHandle$Holder.reinvoke_L(java.lang.Object, java.lang.Object, int)'> (0x00000000c9ed89a8) 
thrown [s\open\src\hotspot\share\interpreter\linkResolver.cpp, line 773]
Event: 651.587 Thread 0x0000018a170ffb70 Exception <a 'java/lang/NoSuchMethodError'{0x00000000c9edf3d8}: 'void java.lang.invoke.DelegatingMethodHandle$Holder.reinvoke_L(java.lang.Object, java.lang.Object, float)'> (0x00000000c9edf3d8) 
thrown [s\open\src\hotspot\share\interpreter\linkResolver.cpp, line 773]
Event: 651.620 Thread 0x0000018a170ffb70 Exception <a 'java/lang/NoSuchMethodError'{0x00000000c9d92628}: 'float java.lang.invoke.Invokers$Holder.invokeExact_MT(java.lang.Object, java.lang.Object, java.lang.Object)'> (0x00000000c9d92628) 
thrown [s\open\src\hotspot\share\interpreter\linkResolver.cpp, line 773]
Event: 651.637 Thread 0x0000018a170ffb70 Exception <a 'java/lang/NoSuchMethodError'{0x00000000c9db3128}: 'double java.lang.invoke.Invokers$Holder.invokeExact_MT(java.lang.Object, java.lang.Object, java.lang.Object)'> (0x00000000c9db3128) 
thrown [s\open\src\hotspot\share\interpreter\linkResolver.cpp, line 773]
Event: 721.724 Thread 0x0000018a17cf4b00 Exception <a 'java/lang/NoSuchMethodError'{0x00000000cac6bac0}: 'void java.lang.invoke.DirectMethodHandle$Holder.invokeVirtual(java.lang.Object, java.lang.Object, double)'> (0x00000000cac6bac0) 
thrown [s\open\src\hotspot\share\interpreter\linkResolver.cpp, line 773]
Event: 721.726 Thread 0x0000018a17cf4b00 Exception <a 'java/lang/NoSuchMethodError'{0x00000000cac766e0}: 'double java.lang.invoke.DelegatingMethodHandle$Holder.reinvoke_L(java.lang.Object, java.lang.Object, int)'> (0x00000000cac766e0) 
thrown [s\open\src\hotspot\share\interpreter\linkResolver.cpp, line 773]
Event: 721.726 Thread 0x0000018a17cf4b00 Exception <a 'java/lang/NoSuchMethodError'{0x00000000cac7d110}: 'void java.lang.invoke.DelegatingMethodHandle$Holder.reinvoke_L(java.lang.Object, java.lang.Object, double)'> (0x00000000cac7d110) 
thrown [s\open\src\hotspot\share\interpreter\linkResolver.cpp, line 773]
Event: 1101.175 Thread 0x0000018a17cf5eb0 Exception <a 'java/lang/NoSuchMethodError'{0x00000000d10f2c00}: 'void java.lang.invoke.DelegatingMethodHandle$Holder.reinvoke_L(java.lang.Object, java.lang.Object, int)'> (0x00000000d10f2c00) 
thrown [s\open\src\hotspot\share\interpreter\linkResolver.cpp, line 773]
Event: 1145.130 Thread 0x0000018a171022d0 Exception <a 'java/lang/NoSuchMethodError'{0x00000000d2f1a778}: 'void java.lang.invoke.DelegatingMethodHandle$Holder.reinvoke_L(java.lang.Object, java.lang.Object, int)'> (0x00000000d2f1a778) 
thrown [s\open\src\hotspot\share\interpreter\linkResolver.cpp, line 773]
Event: 1145.133 Thread 0x0000018a171022d0 Exception <a 'java/lang/NoSuchMethodError'{0x00000000d2f27ed0}: 'void java.lang.invoke.DelegatingMethodHandle$Holder.reinvoke_L(java.lang.Object, java.lang.Object, float)'> (0x00000000d2f27ed0) 
thrown [s\open\src\hotspot\share\interpreter\linkResolver.cpp, line 773]
Event: 1302.766 Thread 0x0000018a17cf3750 Exception <a 'java/lang/NoSuchMethodError'{0x00000000cde7c570}: 'void java.lang.invoke.DelegatingMethodHandle$Holder.reinvoke_L(java.lang.Object, java.lang.Object, double)'> (0x00000000cde7c570) 
thrown [s\open\src\hotspot\share\interpreter\linkResolver.cpp, line 773]
Event: 1332.241 Thread 0x0000018a17cf30c0 Exception <a 'java/lang/NoSuchMethodError'{0x00000000d05980e0}: 'void java.lang.invoke.DirectMethodHandle$Holder.invokeStatic(java.lang.Object, int, java.lang.Object, java.lang.Object, java.lang.Object, java.lang.Object)'> (0x00000000d05980e0) 
thrown [s\open\src\hotspot\share\interpreter\linkResolver.cpp, line 773]
Event: 1373.049 Thread 0x0000018a17cf3750 Exception <a 'java/io/IOException'{0x00000000cb667500}> (0x00000000cb667500) 
thrown [s\open\src\hotspot\share\prims\jni.cpp, line 520]
Event: 1373.054 Thread 0x0000018a17cf3750 Exception <a 'java/io/IOException'{0x00000000cb669278}> (0x00000000cb669278) 
thrown [s\open\src\hotspot\share\prims\jni.cpp, line 520]
Event: 1373.119 Thread 0x0000018a17cf3750 Exception <a 'java/io/IOException'{0x00000000cb6a37b8}> (0x00000000cb6a37b8) 
thrown [s\open\src\hotspot\share\prims\jni.cpp, line 520]
Event: 1687.776 Thread 0x0000018a170ff4e0 Exception <a 'java/lang/NoSuchMethodError'{0x00000000cd88a520}: 'void java.lang.invoke.DelegatingMethodHandle$Holder.reinvoke_L(java.lang.Object, java.lang.Object, int)'> (0x00000000cd88a520) 
thrown [s\open\src\hotspot\share\interpreter\linkResolver.cpp, line 773]

ZGC Phase Switch (0 events):
No events

VM Operations (20 events):
Event: 1783.554 Executing VM operation: Cleanup done
Event: 1785.065 Executing VM operation: G1PauseCleanup
Event: 1785.084 Executing VM operation: G1PauseCleanup done
Event: 1786.092 Executing VM operation: Cleanup
Event: 1786.092 Executing VM operation: Cleanup done
Event: 1787.105 Executing VM operation: Cleanup
Event: 1787.105 Executing VM operation: Cleanup done
Event: 1795.203 Executing VM operation: G1CollectForAllocation (G1 Evacuation Pause)
Event: 1795.254 Executing VM operation: G1CollectForAllocation (G1 Evacuation Pause) done
Event: 1797.100 Executing VM operation: G1CollectForAllocation (G1 Evacuation Pause)
Event: 1797.123 Executing VM operation: G1CollectForAllocation (G1 Evacuation Pause) done
Event: 1798.094 Executing VM operation: G1CollectForAllocation (G1 Evacuation Pause)
Event: 1798.113 Executing VM operation: G1CollectForAllocation (G1 Evacuation Pause) done
Event: 1798.396 Executing VM operation: G1PauseRemark
Event: 1798.584 Executing VM operation: G1PauseRemark done
Event: 1798.729 Executing VM operation: G1PauseCleanup
Event: 1798.731 Executing VM operation: G1PauseCleanup done
Event: 1799.382 Executing VM operation: G1CollectForAllocation (G1 Evacuation Pause)
Event: 1799.389 Executing VM operation: G1CollectForAllocation (G1 Evacuation Pause) done
Event: 1802.031 Executing VM operation: G1CollectForAllocation (G1 Evacuation Pause)

Events (20 events):
Event: 1772.789 Thread 0x00000189c0ca5ad0 flushing nmethod 0x00000189c9214790
Event: 1772.791 Thread 0x00000189c0ca5ad0 flushing nmethod 0x00000189c925bc10
Event: 1772.791 Thread 0x00000189c0ca5ad0 flushing nmethod 0x00000189c925ac10
Event: 1772.791 Thread 0x00000189c0ca5ad0 flushing nmethod 0x00000189c91bfa90
Event: 1772.791 Thread 0x00000189c0ca5ad0 flushing nmethod 0x00000189c91bf790
Event: 1772.791 Thread 0x00000189c0ca5ad0 flushing nmethod 0x00000189c91bf290
Event: 1772.791 Thread 0x00000189c0ca5ad0 flushing nmethod 0x00000189c91bef10
Event: 1772.791 Thread 0x00000189c0ca5ad0 flushing nmethod 0x00000189c91bea10
Event: 1772.791 Thread 0x00000189c0ca5ad0 flushing nmethod 0x00000189c9204110
Event: 1772.791 Thread 0x00000189c0ca5ad0 flushing nmethod 0x00000189c91be490
Event: 1772.791 Thread 0x00000189c0ca5ad0 flushing nmethod 0x00000189c91bd690
Event: 1772.791 Thread 0x00000189c0ca5ad0 flushing nmethod 0x00000189c91c2490
Event: 1777.614 Thread 0x0000018a17fbdbb0 Thread added: 0x0000018a17fbdbb0
Event: 1777.618 Thread 0x0000018a17fc0310 Thread added: 0x0000018a17fc0310
Event: 1785.619 Thread 0x0000018a17fc0310 Thread exited: 0x0000018a17fc0310
Event: 1786.127 Thread 0x0000018a168627c0 Thread added: 0x0000018a168627c0
Event: 1791.146 Thread 0x0000018a17fbdbb0 Thread exited: 0x0000018a17fbdbb0
Event: 1791.177 Thread 0x0000018a168627c0 Thread exited: 0x0000018a168627c0
Event: 1794.341 Thread 0x0000018a168627c0 Thread added: 0x0000018a168627c0
Event: 1794.344 Thread 0x0000018a168634e0 Thread added: 0x0000018a168634e0


Dynamic libraries:
0x00007ff655b40000 - 0x00007ff655b50000 	C:\Program Files\Java\jdk-21\bin\java.exe
0x00007ffae5fd0000 - 0x00007ffae61c8000 	C:\WINDOWS\SYSTEM32\ntdll.dll
0x00007ffae41a0000 - 0x00007ffae4261000 	C:\WINDOWS\System32\KERNEL32.DLL
0x00007ffae3880000 - 0x00007ffae3b76000 	C:\WINDOWS\System32\KERNELBASE.dll
0x00007ffae3c40000 - 0x00007ffae3d40000 	C:\WINDOWS\System32\ucrtbase.dll
0x00007ffada690000 - 0x00007ffada6ab000 	C:\Program Files\Java\jdk-21\bin\VCRUNTIME140.dll
0x00007ffade070000 - 0x00007ffade089000 	C:\Program Files\Java\jdk-21\bin\jli.dll
0x00007ffae4d70000 - 0x00007ffae4e20000 	C:\WINDOWS\System32\ADVAPI32.dll
0x00007ffae49c0000 - 0x00007ffae4a5e000 	C:\WINDOWS\System32\msvcrt.dll
0x00007ffae4540000 - 0x00007ffae45e0000 	C:\WINDOWS\System32\sechost.dll
0x00007ffae4c10000 - 0x00007ffae4d33000 	C:\WINDOWS\System32\RPCRT4.dll
0x00007ffae3b80000 - 0x00007ffae3ba7000 	C:\WINDOWS\System32\bcrypt.dll
0x00007ffae4000000 - 0x00007ffae419f000 	C:\WINDOWS\System32\USER32.dll
0x00007ffae3f10000 - 0x00007ffae3f32000 	C:\WINDOWS\System32\win32u.dll
0x00007ffad08a0000 - 0x00007ffad0b3a000 	C:\WINDOWS\WinSxS\amd64_microsoft.windows.common-controls_6595b64144ccf1df_6.0.19041.4355_none_60b8b9eb71f62e16\COMCTL32.dll
0x00007ffae4990000 - 0x00007ffae49bb000 	C:\WINDOWS\System32\GDI32.dll
0x00007ffae3df0000 - 0x00007ffae3f07000 	C:\WINDOWS\System32\gdi32full.dll
0x00007ffae3680000 - 0x00007ffae371d000 	C:\WINDOWS\System32\msvcp_win.dll
0x00007ffad2b00000 - 0x00007ffad2b0a000 	C:\WINDOWS\SYSTEM32\VERSION.dll
0x00007ffae4d40000 - 0x00007ffae4d6f000 	C:\WINDOWS\System32\IMM32.DLL
0x00007ffae0bf0000 - 0x00007ffae0bfc000 	C:\Program Files\Java\jdk-21\bin\vcruntime140_1.dll
0x00007ffaca350000 - 0x00007ffaca3de000 	C:\Program Files\Java\jdk-21\bin\msvcp140.dll
0x00007ffa9cbb0000 - 0x00007ffa9d8c5000 	C:\Program Files\Java\jdk-21\bin\server\jvm.dll
0x00007ffae4a80000 - 0x00007ffae4aeb000 	C:\WINDOWS\System32\WS2_32.dll
0x00007ffae2c00000 - 0x00007ffae2c4b000 	C:\WINDOWS\SYSTEM32\POWRPROF.dll
0x00007ffad03b0000 - 0x00007ffad03d7000 	C:\WINDOWS\SYSTEM32\WINMM.dll
0x00007ffae2a70000 - 0x00007ffae2a82000 	C:\WINDOWS\SYSTEM32\UMPDC.dll
0x00007ffae1570000 - 0x00007ffae1582000 	C:\WINDOWS\SYSTEM32\kernel.appcore.dll
0x00007ffadf870000 - 0x00007ffadf87a000 	C:\Program Files\Java\jdk-21\bin\jimage.dll
0x00007ffad20a0000 - 0x00007ffad2284000 	C:\WINDOWS\SYSTEM32\DBGHELP.DLL
0x00007ffad2020000 - 0x00007ffad2054000 	C:\WINDOWS\SYSTEM32\dbgcore.DLL
0x00007ffae3bb0000 - 0x00007ffae3c32000 	C:\WINDOWS\System32\bcryptPrimitives.dll
0x00007ffade060000 - 0x00007ffade06f000 	C:\Program Files\Java\jdk-21\bin\instrument.dll
0x00007ffad7360000 - 0x00007ffad737f000 	C:\Program Files\Java\jdk-21\bin\java.dll
0x00007ffae4f00000 - 0x00007ffae566c000 	C:\WINDOWS\System32\SHELL32.dll
0x00007ffae1700000 - 0x00007ffae1e9e000 	C:\WINDOWS\SYSTEM32\windows.storage.dll
0x00007ffae5c30000 - 0x00007ffae5f83000 	C:\WINDOWS\System32\combase.dll
0x00007ffae30a0000 - 0x00007ffae30ce000 	C:\WINDOWS\SYSTEM32\Wldp.dll
0x00007ffae4e30000 - 0x00007ffae4efd000 	C:\WINDOWS\System32\OLEAUT32.dll
0x00007ffae4490000 - 0x00007ffae453d000 	C:\WINDOWS\System32\SHCORE.dll
0x00007ffae4920000 - 0x00007ffae4975000 	C:\WINDOWS\System32\shlwapi.dll
0x00007ffae35b0000 - 0x00007ffae35d4000 	C:\WINDOWS\SYSTEM32\profapi.dll
0x00007ffad5ee0000 - 0x00007ffad5ef8000 	C:\Program Files\Java\jdk-21\bin\zip.dll
0x00007ffade010000 - 0x00007ffade020000 	C:\Program Files\Java\jdk-21\bin\net.dll
0x00007ffad6e20000 - 0x00007ffad6f2a000 	C:\WINDOWS\SYSTEM32\WINHTTP.dll
0x00007ffae2e00000 - 0x00007ffae2e6a000 	C:\WINDOWS\system32\mswsock.dll
0x00007ffad5380000 - 0x00007ffad5396000 	C:\Program Files\Java\jdk-21\bin\nio.dll
0x00007ffaceb20000 - 0x00007ffaceb3a000 	C:\Program Files\JetBrains\IntelliJ IDEA 2023.2.2\bin\breakgen64.dll
0x00007ffaddc30000 - 0x00007ffaddc37000 	C:\Program Files\Java\jdk-21\bin\extnet.dll
0x00007ffae2ae0000 - 0x00007ffae2baa000 	C:\WINDOWS\SYSTEM32\DNSAPI.dll
0x00007ffae2a90000 - 0x00007ffae2acb000 	C:\WINDOWS\SYSTEM32\IPHLPAPI.DLL
0x00007ffae43a0000 - 0x00007ffae43a8000 	C:\WINDOWS\System32\NSI.dll
0x00007ffad4650000 - 0x00007ffad465a000 	C:\Windows\System32\rasadhlp.dll
0x00007ffad4920000 - 0x00007ffad49a0000 	C:\WINDOWS\System32\fwpuclnt.dll
0x00007ffadd380000 - 0x00007ffadd38a000 	C:\Program Files\Java\jdk-21\bin\management.dll
0x00007ffad7410000 - 0x00007ffad741b000 	C:\Program Files\Java\jdk-21\bin\management_ext.dll
0x00007ffae4980000 - 0x00007ffae4988000 	C:\WINDOWS\System32\PSAPI.DLL
0x00007ffae2ff0000 - 0x00007ffae3008000 	C:\WINDOWS\SYSTEM32\CRYPTSP.dll
0x00007ffae26b0000 - 0x00007ffae26e4000 	C:\WINDOWS\system32\rsaenh.dll
0x00007ffae3520000 - 0x00007ffae354e000 	C:\WINDOWS\SYSTEM32\USERENV.dll
0x00007ffae3010000 - 0x00007ffae301c000 	C:\WINDOWS\SYSTEM32\CRYPTBASE.dll
0x00007ffad0880000 - 0x00007ffad0897000 	C:\WINDOWS\system32\napinsp.dll
0x00007ffad0860000 - 0x00007ffad087b000 	C:\WINDOWS\system32\pnrpnsp.dll
0x00007ffade970000 - 0x00007ffade985000 	C:\WINDOWS\system32\wshbth.dll
0x00007ffaddd00000 - 0x00007ffaddd1d000 	C:\WINDOWS\system32\NLAapi.dll
0x00007ffad0820000 - 0x00007ffad0832000 	C:\WINDOWS\System32\winrnr.dll
0x00007ffad73e0000 - 0x00007ffad73f0000 	C:\Program Files\Java\jdk-21\bin\verify.dll
0x00007ffad73a0000 - 0x00007ffad73ae000 	C:\Program Files\Java\jdk-21\bin\sunmscapi.dll
0x00007ffae3720000 - 0x00007ffae387e000 	C:\WINDOWS\System32\CRYPT32.dll
0x00007ffae3110000 - 0x00007ffae3139000 	C:\WINDOWS\SYSTEM32\ncrypt.dll
0x00007ffae30d0000 - 0x00007ffae310b000 	C:\WINDOWS\SYSTEM32\NTASN1.dll
0x00007ffad52a0000 - 0x00007ffad52a7000 	C:\WINDOWS\system32\wshunix.dll

dbghelp: loaded successfully - version: 4.0.5 - missing functions: none
symbol engine: initialized successfully - sym options: 0x614 - pdb path: .;C:\Program Files\Java\jdk-21\bin;C:\WINDOWS\SYSTEM32;C:\WINDOWS\WinSxS\amd64_microsoft.windows.common-controls_6595b64144ccf1df_6.0.19041.4355_none_60b8b9eb71f62e16;C:\Program Files\Java\jdk-21\bin\server;C:\Program Files\JetBrains\IntelliJ IDEA 2023.2.2\bin

VM Arguments:
jvm_args: -XX:TieredStopAtLevel=1 -Dspring.output.ansi.enabled=always -Dcom.sun.management.jmxremote -Dspring.jmx.enabled=true -Dspring.liveBeansView.mbeanDomain -Dspring.application.admin.enabled=true -Dmanagement.endpoints.jmx.exposure.include=* -javaagent:C:\Program Files\JetBrains\IntelliJ IDEA 2023.2.2\lib\idea_rt.jar=56613:C:\Program Files\JetBrains\IntelliJ IDEA 2023.2.2\bin -Dfile.encoding=UTF-8 -Dsun.stdout.encoding=UTF-8 -Dsun.stderr.encoding=UTF-8 
java_command: org.sir.appgestionstock.Application
java_class_path (initial): C:\Users\lenovo\Desktop\Gestion-com\ERP-GS\target\classes;C:\Users\lenovo\.m2\repository\org\springframework\boot\spring-boot-starter-web\3.1.5\spring-boot-starter-web-3.1.5.jar;C:\Users\lenovo\.m2\repository\org\springframework\boot\spring-boot-starter\3.1.5\spring-boot-starter-3.1.5.jar;C:\Users\lenovo\.m2\repository\org\springframework\boot\spring-boot\3.1.5\spring-boot-3.1.5.jar;C:\Users\lenovo\.m2\repository\org\springframework\boot\spring-boot-autoconfigure\3.1.5\spring-boot-autoconfigure-3.1.5.jar;C:\Users\lenovo\.m2\repository\org\springframework\boot\spring-boot-starter-logging\3.1.5\spring-boot-starter-logging-3.1.5.jar;C:\Users\lenovo\.m2\repository\ch\qos\logback\logback-classic\1.4.11\logback-classic-1.4.11.jar;C:\Users\lenovo\.m2\repository\ch\qos\logback\logback-core\1.4.11\logback-core-1.4.11.jar;C:\Users\lenovo\.m2\repository\org\apache\logging\log4j\log4j-to-slf4j\2.20.0\log4j-to-slf4j-2.20.0.jar;C:\Users\lenovo\.m2\repository\org\apache\logging\log4j\log4j-api\2.20.0\log4j-api-2.20.0.jar;C:\Users\lenovo\.m2\repository\org\slf4j\jul-to-slf4j\2.0.9\jul-to-slf4j-2.0.9.jar;C:\Users\lenovo\.m2\repository\jakarta\annotation\jakarta.annotation-api\2.1.1\jakarta.annotation-api-2.1.1.jar;C:\Users\lenovo\.m2\repository\org\yaml\snakeyaml\1.33\snakeyaml-1.33.jar;C:\Users\lenovo\.m2\repository\org\springframework\boot\spring-boot-starter-json\3.1.5\spring-boot-starter-json-3.1.5.jar;C:\Users\lenovo\.m2\repository\com\fasterxml\jackson\datatype\jackson-datatype-jdk8\2.15.3\jackson-datatype-jdk8-2.15.3.jar;C:\Users\lenovo\.m2\repository\com\fasterxml\jackson\module\jackson-module-parameter-names\2.15.3\jackson-module-parameter-names-2.15.3.jar;C:\Users\lenovo\.m2\repository\org\springframework\boot\spring-boot-starter-tomcat\3.1.5\spring-boot-starter-tomcat-3.1.5.jar;C:\Users\lenovo\.m2\repository\org\apache\tomcat\embed\tomcat-embed-core\10.1.15\tomcat-embed-core-10.1.15.jar;C:\Users\lenovo\.m2\repository\org\apache\tomcat\embed\tomcat-embed-el\10.1.15\tomcat-embed-el-10.1.15.jar;C:\Users\lenovo\.m2\repository\org\apache\tomcat\embed\tomcat-embed-websocket\10.1.15\tomcat-embed-websocket-10.1.15.jar;C:\Users\lenovo\.m2\repository\org\springframework\spring-web\6.0.13\spring-web-6.0.13.jar;C:\Users\lenovo\.m2\repository\org\springframework\spring-beans\6.0.13\spring-beans-6.0.13.jar;C:\Users\lenovo\.m2\repository\io\micrometer\micrometer-observation\1.11.5\micrometer-observation-1.11.5.jar;C:\Users\lenovo\.m2\repository\io\micrometer\micrometer-commons\1.11.5\micrometer-commons-1.11.5.jar;C:\Users\lenovo\.m2\repository\org\springframework\spring-webmvc\6.0.13\spring-webmvc-6.0.13.jar;C:\Users\lenovo\.m2\repository\org\springframework\spring-context\6.0.13\spring-context-6.0.13.jar;C:\Users\lenovo\.m2\repository\org\springframework\spring-expression\6.0.13\spring-expression-6.0.13.jar;C:\Users\lenovo\.m2\repository\org\springframework\boot\spring-boot-starter-data-jpa\3.1.5\spring-boot-starter-data-jpa-3.1.5.jar;C:\Users\lenovo\.m2\repository\org\springframework\boot\spring-boot-starter-aop\3.1.5\spring-boot-starter-aop-3.1.5.jar;C:\Users\lenovo\.m2\repository\org\aspectj\aspectjweaver\1.9.20\aspectjweaver-1.9.20.jar;C:\Users\lenovo\.m2\repository\org\springframework\boot\spring-boot-starter-jdbc\3.1.5\spring-boot-starter-jdbc-3.1.5.jar;C:\Users\lenovo\.m2\repository\com\zaxxer\HikariCP\5.0.1\HikariCP-5.0.1.jar;C:\Users\lenovo\.m2\repository\org\springframework\spring-jdbc\6.0.13\spring-jdbc-6.0.13.jar;C:\Users\lenovo\.m2\repository\org\hibernate\orm\hibernate-core\6.2.13.Final\hibernate-core-6.2.13.Final.jar;C:\Users\lenovo\.m2\repository\jakarta\persistence\jakarta.persistence-api\3.1.0\jakarta.persistence-api-3.1.0.jar;C:\Users\lenovo\.m2\repository\jakarta\transaction\jakarta.transaction-api\2.0.1\jakarta.transaction-api-2.0.1.jar;C:\Users\lenovo\.m2\repository\org\jboss\logging\jboss-logging\3.5.3.Final\jboss-logging-3.5.3.Final.jar;C:\Users\lenovo\.m2\repository\org\hibernate\common\hibernate-commons-annotations\6.0.6.Final\hibernate-commons-annotations-6.0.6.Final.jar;C:\Users\lenovo\.m2\repository\io\smallrye\jandex\3.0.5\jandex-3.0.5.jar;C:\Users\lenovo\.m2\repository\com\fasterxml\classmate\1.5.1\classmate-1.5.1.jar;C:\Users\lenovo\.m2\repository\net\bytebuddy\byte-buddy\1.14.9\byte-buddy-1.14.9.jar;C:\Users\lenovo\.m2\repository\org\glassfish\jaxb\jaxb-runtime\4.0.3\jaxb-runtime-4.0.3.jar;C:\Users\lenovo\.m2\repository\org\glassfish\jaxb\jaxb-core\4.0.3\jaxb-core-4.0.3.jar;C:\Users\lenovo\.m2\repository\org\eclipse\angus\angus-activation\2.0.1\angus-activation-2.0.1.jar;C:\Users\lenovo\.m2\repository\org\glassfish\jaxb\txw2\4.0.3\txw2-4.0.3.jar;C:\Users\lenovo\.m2\repository\com\sun\istack\istack-commons-runtime\4.1.2\istack-commons-runtime-4.1.2.jar;C:\Users\lenovo\.m2\repository\jakarta\inject\jakarta.inject-api\2.0.1\jakarta.inject-api-2.0.1.jar;C:\Users\lenovo\.m2\repository\org\antlr\antlr4-runtime\4.10.1\antlr4-runtime-4.10.1.jar;C:\Users\lenovo\.m2\repository\org\springframework\data\spring-data-jpa\3.1.5\spring-data-jpa-3.1.5.jar;C:\Users\lenovo\.m2\repository\org\springframework\data\spring-data-commons\3.1.5\spring-data-commons-3.1.5.jar;C:\Users\lenovo\.m2\repository\org\springframework\spring-orm\6.0.13\spring-orm-6.0.13.jar;C:\Users\lenovo\.m2\repository\org\springframework\spring-tx\6.0.13\spring-tx-6.0.13.jar;C:\Users\lenovo\.m2\repository\org\slf4j\slf4j-api\2.0.9\slf4j-api-2.0.9.jar;C:\Users\lenovo\.m2\repository\org\springframework\spring-aspects\6.0.13\spring-aspects-6.0.13.jar;C:\Users\lenovo\.m2\repository\com\mysql\mysql-connector-j\8.0.33\mysql-connector-j-8.0.33.jar;C:\Users\lenovo\.m2\repository\org\springframework\boot\spring-boot-starter-security\3.1.5\spring-boot-starter-security-3.1.5.jar;C:\Users\lenovo\.m2\repository\org\springframework\spring-aop\6.0.13\spring-aop-6.0.13.jar;C:\Users\lenovo\.m2\repository\org\springframework\security\spring-security-config\6.1.5\spring-security-config-6.1.5.jar;C:\Users\lenovo\.m2\repository\org\springframework\security\spring-security-core\6.1.5\spring-security-core-6.1.5.jar;C:\Users\lenovo\.m2\repository\org\springframework\security\spring-security-crypto\6.1.5\spring-security-crypto-6.1.5.jar;C:\Users\lenovo\.m2\repository\org\springframework\security\spring-security-web\6.1.5\spring-security-web-6.1.5.jar;C:\Users\lenovo\.m2\repository\com\itextpdf\itextpdf\5.5.13.3\itextpdf-5.5.13.3.jar;C:\Users\lenovo\.m2\repository\org\apache\pdfbox\pdfbox\3.0.0\pdfbox-3.0.0.jar;C:\Users\lenovo\.m2\repository\org\apache\pdfbox\pdfbox-io\3.0.0\pdfbox-io-3.0.0.jar;C:\Users\lenovo\.m2\repository\org\apache\pdfbox\fontbox\3.0.0\fontbox-3.0.0.jar;C:\Users\lenovo\.m2\repository\commons-logging\commons-logging\1.2\commons-logging-1.2.jar;C:\Users\lenovo\.m2\repository\org\bouncycastle\bcpkix-jdk18on\1.76\bcpkix-jdk18on-1.76.jar;C:\Users\lenovo\.m2\repository\org\bouncycastle\bcprov-jdk18on\1.76\bcprov-jdk18on-1.76.jar;C:\Users\lenovo\.m2\repository\org\bouncycastle\bcutil-jdk18on\1.76\bcutil-jdk18on-1.76.jar;C:\Users\lenovo\.m2\repository\com\auth0\java-jwt\3.18.1\java-jwt-3.18.1.jar;C:\Users\lenovo\.m2\repository\com\fasterxml\jackson\core\jackson-databind\2.15.3\jackson-databind-2.15.3.jar;C:\Users\lenovo\.m2\repository\io\jsonwebtoken\jjwt\0.9.1\jjwt-0.9.1.jar;C:\Users\lenovo\.m2\repository\javax\xml\bind\jaxb-api\2.4.0-b180830.0359\jaxb-api-2.4.0-b180830.0359.jar;C:\Users\lenovo\.m2\repository\javax\activation\javax.activation-api\1.2.0\javax.activation-api-1.2.0.jar;C:\Users\lenovo\.m2\repository\com\sun\mail\jakarta.mail\1.6.7\jakarta.mail-1.6.7.jar;C:\Users\lenovo\.m2\repository\com\sun\activation\jakarta.activation\1.2.1\jakarta.activation-1.2.1.jar;C:\Users\lenovo\.m2\repository\jakarta\xml\bind\jakarta.xml.bind-api\4.0.1\jakarta.xml.bind-api-4.0.1.jar;C:\Users\lenovo\.m2\repository\jakarta\activation\jakarta.activation-api\2.1.2\jakarta.activation-api-2.1.2.jar;C:\Users\lenovo\.m2\repository\org\springframework\spring-core\6.0.13\spring-core-6.0.13.jar;C:\Users\lenovo\.m2\repository\org\springframework\spring-jcl\6.0.13\spring-jcl-6.0.13.jar;C:\Users\lenovo\.m2\repository\com\fasterxml\jackson\datatype\jackson-datatype-jsr310\2.15.3\jackson-datatype-jsr310-2.15.3.jar;C:\Users\lenovo\.m2\repository\com\fasterxml\jackson\core\jackson-annotations\2.15.3\jackson-annotations-2.15.3.jar;C:\Users\lenovo\.m2\repository\com\fasterxml\jackson\core\jackson-core\2.15.3\jackson-core-2.15.3.jar;C:\Users\lenovo\.m2\repository\com\stripe\stripe-java\21.12.0\stripe-java-21.12.0.jar;C:\Users\lenovo\.m2\repository\com\google\code\gson\gson\2.10.1\gson-2.10.1.jar;C:\Users\lenovo\.m2\repository\org\projectlombok\lombok\1.18.30\lombok-1.18.30.jar
Launcher Type: SUN_STANDARD

[Global flags]
     intx CICompilerCount                          = 3                                         {product} {ergonomic}
     uint ConcGCThreads                            = 1                                         {product} {ergonomic}
     uint G1ConcRefinementThreads                  = 4                                         {product} {ergonomic}
   size_t G1HeapRegionSize                         = 1048576                                   {product} {ergonomic}
    uintx GCDrainStackTargetSize                   = 64                                        {product} {ergonomic}
   size_t InitialHeapSize                          = 62914560                                  {product} {ergonomic}
     bool ManagementServer                         = true                                      {product} {command line}
   size_t MarkStackSize                            = 4194304                                   {product} {ergonomic}
   size_t MaxHeapSize                              = 991952896                                 {product} {ergonomic}
   size_t MaxNewSize                               = 594542592                                 {product} {ergonomic}
   size_t MinHeapDeltaBytes                        = 1048576                                   {product} {ergonomic}
   size_t MinHeapSize                              = 8388608                                   {product} {ergonomic}
    uintx NonNMethodCodeHeapSize                   = 4096                                   {pd product} {ergonomic}
    uintx NonProfiledCodeHeapSize                  = 0                                      {pd product} {ergonomic}
     bool ProfileInterpreter                       = false                                  {pd product} {command line}
    uintx ProfiledCodeHeapSize                     = 0                                      {pd product} {ergonomic}
   size_t SoftMaxHeapSize                          = 991952896                              {manageable} {ergonomic}
     intx TieredStopAtLevel                        = 1                                         {product} {command line}
     bool UseCompressedOops                        = true                           {product lp64_product} {ergonomic}
     bool UseG1GC                                  = true                                      {product} {ergonomic}
     bool UseLargePagesIndividualAllocation        = false                                  {pd product} {ergonomic}

Logging:
Log output configuration:
 #0: stdout all=warning uptime,level,tags foldmultilines=false
 #1: stderr all=off uptime,level,tags foldmultilines=false

Environment Variables:
PATH=C:\Python312\Scripts\;C:\Python312\;C:\oraclexe\app\oracle\product\11.2.0\server\bin;;C:\python\Python311\Scripts\;C:\python\Python311\;C:\Program Files\Common Files\Oracle\Java\javapath;C:\python\Python311\Scripts\pip.exe;C:\WINDOWS\system32;C:\WINDOWS;C:\WINDOWS\System32\Wbem;C:\WINDOWS\System32\WindowsPowerShell\v1.0\;C:\WINDOWS\System32\OpenSSH\;C:\Users\lenovo\Desktop\mysql-8.0.31-winx64\bin;C:\SQLITE;C:\SQLITE\sqlite-tools-win32-x86-3410200;C:\Sqlite;C:\python\Python311\Lib\site-packages;C:\wamp64\bin\php\php5.6.40;C:\ProgramData\ComposerSetup\bin;C:\Program Files\Microsoft SQL Server\150\Tools\Binn\;C:\Program Files\Java\jdk-21\bin;C:\Program Files\Git\cmd;C:\Program Files\nodejs\;C:\ProgramData\chocolatey\bin;C:\Users\lenovo\AppData\Local\Microsoft\WindowsApps;C:\Users\lenovo\AppData\Roaming\Composer\vendor\bin;%JAVA_HOME%\bin;C:\opencv\build\x64\vc16\bin;C:\Program Files\JetBrains\IntelliJ IDEA 2023.2.2\bin;;C:\Users\lenovo\AppData\Local\Programs\Microsoft VS Code\bin;C:\ProgramData\Microsoft\Windows\Start Menu\Programs\Python 3.11;C:\Users\lenovo\AppData\Roaming\npm
USERNAME=lenovo
OS=Windows_NT
PROCESSOR_IDENTIFIER=Intel64 Family 6 Model 69 Stepping 1, GenuineIntel
TMP=C:\Users\lenovo\AppData\Local\Temp
TEMP=C:\Users\lenovo\AppData\Local\Temp




Periodic native trim disabled

---------------  S Y S T E M  ---------------

OS:
 Windows 10 , 64 bit Build 19041 (10.0.19041.4597)
OS uptime: 3 days 17:26 hours

CPU: total 4 (initial active 4) (2 cores per cpu, 2 threads per core) family 6 model 69 stepping 1 microcode 0x25, cx8, cmov, fxsr, ht, mmx, sse, sse2, sse3, ssse3, sse4.1, sse4.2, popcnt, lzcnt, tsc, tscinvbit, avx, avx2, aes, erms, clmul, bmi1, bmi2, fma, vzeroupper, clflush, rdtscp, f16c
Processor Information for all 4 processors :
  Max Mhz: 1896, Current Mhz: 1896, Mhz Limit: 1896

Memory: 4k page, system-wide physical 3782M (196M free)
TotalPageFile size 15558M (AvailPageFile size 3M)
current process WorkingSet (physical memory assigned to process): 340M, peak: 403M
current process commit charge ("private bytes"): 462M, peak: 486M

vm_info: Java HotSpot(TM) 64-Bit Server VM (21.0.1+12-LTS-29) for windows-amd64 JRE (21.0.1+12-LTS-29), built on 2023-10-05T13:27:09Z by "mach5one" with MS VC++ 17.1 (VS2022)

END.
